This is pdfTeX, Version 3.14159265-2.6-1.40.16 (TeX Live 2015) (preloaded format=pdflatex 2015.5.24)  17 FEB 2016 13:39
entering extended mode
 restricted \write18 enabled.
 file:line:error style messages enabled.
 %&-line parsing enabled.
**hw6.tex
(./hw6.tex
LaTeX2e <2015/01/01>
Babel <3.9l> and hyphenation patterns for 79 languages loaded.
(/usr/local/texlive/2015/texmf-dist/tex/latex/base/article.cls
Document Class: article 2014/09/29 v1.4h Standard LaTeX document class
(/usr/local/texlive/2015/texmf-dist/tex/latex/base/size11.clo
File: size11.clo 2014/09/29 v1.4h Standard LaTeX file (size option)
)
\c@part=\count79
\c@section=\count80
\c@subsection=\count81
\c@subsubsection=\count82
\c@paragraph=\count83
\c@subparagraph=\count84
\c@figure=\count85
\c@table=\count86
\abovecaptionskip=\skip41
\belowcaptionskip=\skip42
\bibindent=\dimen102
) (/usr/local/texlive/2015/texmf-dist/tex/latex/amsmath/amsmath.sty
Package: amsmath 2013/01/14 v2.14 AMS math features
\@mathmargin=\skip43

For additional information on amsmath, use the `?' option.
(/usr/local/texlive/2015/texmf-dist/tex/latex/amsmath/amstext.sty
Package: amstext 2000/06/29 v2.01
 (/usr/local/texlive/2015/texmf-dist/tex/latex/amsmath/amsgen.sty
File: amsgen.sty 1999/11/30 v2.0
\@emptytoks=\toks14
\ex@=\dimen103
)) (/usr/local/texlive/2015/texmf-dist/tex/latex/amsmath/amsbsy.sty
Package: amsbsy 1999/11/29 v1.2d
\pmbraise@=\dimen104
) (/usr/local/texlive/2015/texmf-dist/tex/latex/amsmath/amsopn.sty
Package: amsopn 1999/12/14 v2.01 operator names
)
\inf@bad=\count87
LaTeX Info: Redefining \frac on input line 210.
\uproot@=\count88
\leftroot@=\count89
LaTeX Info: Redefining \overline on input line 306.
\classnum@=\count90
\DOTSCASE@=\count91
LaTeX Info: Redefining \ldots on input line 378.
LaTeX Info: Redefining \dots on input line 381.
LaTeX Info: Redefining \cdots on input line 466.
\Mathstrutbox@=\box26
\strutbox@=\box27
\big@size=\dimen105
LaTeX Font Info:    Redeclaring font encoding OML on input line 566.
LaTeX Font Info:    Redeclaring font encoding OMS on input line 567.
\macc@depth=\count92
\c@MaxMatrixCols=\count93
\dotsspace@=\muskip10
\c@parentequation=\count94
\dspbrk@lvl=\count95
\tag@help=\toks15
\row@=\count96
\column@=\count97
\maxfields@=\count98
\andhelp@=\toks16
\eqnshift@=\dimen106
\alignsep@=\dimen107
\tagshift@=\dimen108
\tagwidth@=\dimen109
\totwidth@=\dimen110
\lineht@=\dimen111
\@envbody=\toks17
\multlinegap=\skip44
\multlinetaggap=\skip45
\mathdisplay@stack=\toks18
LaTeX Info: Redefining \[ on input line 2665.
LaTeX Info: Redefining \] on input line 2666.
) (/usr/local/texlive/2015/texmf-dist/tex/latex/amsfonts/amssymb.sty
Package: amssymb 2013/01/14 v3.01 AMS font symbols
 (/usr/local/texlive/2015/texmf-dist/tex/latex/amsfonts/amsfonts.sty
Package: amsfonts 2013/01/14 v3.01 Basic AMSFonts support
\symAMSa=\mathgroup4
\symAMSb=\mathgroup5
LaTeX Font Info:    Overwriting math alphabet `\mathfrak' in version `bold'
(Font)                  U/euf/m/n --> U/euf/b/n on input line 106.
)) (/usr/local/texlive/2015/texmf-dist/tex/latex/amscls/amsthm.sty
Package: amsthm 2015/03/04 v2.20.2
\thm@style=\toks19
\thm@bodyfont=\toks20
\thm@headfont=\toks21
\thm@notefont=\toks22
\thm@headpunct=\toks23
\thm@preskip=\skip46
\thm@postskip=\skip47
\thm@headsep=\skip48
\dth@everypar=\toks24
) (/usr/local/texlive/2015/texmf-dist/tex/latex/cite/cite.sty
LaTeX Info: Redefining \cite on input line 302.
LaTeX Info: Redefining \nocite on input line 332.
Package: cite 2015/02/27  v 5.5
) (/usr/local/texlive/2015/texmf-dist/tex/latex/graphics/graphicx.sty
Package: graphicx 2014/10/28 v1.0g Enhanced LaTeX Graphics (DPC,SPQR)
 (/usr/local/texlive/2015/texmf-dist/tex/latex/graphics/keyval.sty
Package: keyval 2014/10/28 v1.15 key=value parser (DPC)
\KV@toks@=\toks25
) (/usr/local/texlive/2015/texmf-dist/tex/latex/graphics/graphics.sty
Package: graphics 2014/10/28 v1.0p Standard LaTeX Graphics (DPC,SPQR)
 (/usr/local/texlive/2015/texmf-dist/tex/latex/graphics/trig.sty
Package: trig 1999/03/16 v1.09 sin cos tan (DPC)
) (/usr/local/texlive/2015/texmf-dist/tex/latex/latexconfig/graphics.cfg
File: graphics.cfg 2010/04/23 v1.9 graphics configuration of TeX Live
)
Package graphics Info: Driver file: pdftex.def on input line 94.
 (/usr/local/texlive/2015/texmf-dist/tex/latex/pdftex-def/pdftex.def
File: pdftex.def 2011/05/27 v0.06d Graphics/color for pdfTeX
 (/usr/local/texlive/2015/texmf-dist/tex/generic/oberdiek/infwarerr.sty
Package: infwarerr 2010/04/08 v1.3 Providing info/warning/error messages (HO)
) (/usr/local/texlive/2015/texmf-dist/tex/generic/oberdiek/ltxcmds.sty
Package: ltxcmds 2011/11/09 v1.22 LaTeX kernel commands for general use (HO)
)
\Gread@gobject=\count99
))
\Gin@req@height=\dimen112
\Gin@req@width=\dimen113
) (/usr/local/texlive/2015/texmf-dist/tex/latex/float/float.sty
Package: float 2001/11/08 v1.3d Float enhancements (AL)
\c@float@type=\count100
\float@exts=\toks26
\float@box=\box28
\@float@everytoks=\toks27
\@floatcapt=\box29
) (/usr/local/texlive/2015/texmf-dist/tex/latex/jknapltx/mathrsfs.sty
Package: mathrsfs 1996/01/01 Math RSFS package v1.0 (jk)
\symrsfs=\mathgroup6
) (/usr/local/texlive/2015/texmf-dist/tex/latex/commath/commath.sty (/usr/local/texlive/2015/texmf-dist/tex/latex/base/ifthen.sty
Package: ifthen 2014/09/29 v1.1c Standard LaTeX ifthen package (DPC)
)) (/usr/local/texlive/2015/texmf-dist/tex/latex/doublestroke/dsfont.sty
Package: dsfont 1995/08/01 v0.1 Double stroke roman fonts
) (/usr/local/texlive/2015/texmf-dist/tex/latex/bbm-macros/bbm.sty
Package: bbm 1999/03/15 V 1.2 provides fonts for set symbols - TH
LaTeX Font Info:    Overwriting math alphabet `\mathbbm' in version `bold'
(Font)                  U/bbm/m/n --> U/bbm/bx/n on input line 33.
LaTeX Font Info:    Overwriting math alphabet `\mathbbmss' in version `bold'
(Font)                  U/bbmss/m/n --> U/bbmss/bx/n on input line 35.
) (/usr/local/texlive/2015/texmf-dist/tex/latex/tools/bm.sty
Package: bm 2014/10/28 v1.1c Bold Symbol Support (DPC/FMi)
\symboldoperators=\mathgroup7
\symboldletters=\mathgroup8
\symboldsymbols=\mathgroup9
LaTeX Font Info:    Redeclaring math alphabet \mathbf on input line 141.
LaTeX Info: Redefining \bm on input line 207.
) (/usr/local/texlive/2015/texmf-dist/tex/latex/amsfonts/eucal.sty
Package: eucal 2009/06/22 v3.00 Euler Script fonts
LaTeX Font Info:    Overwriting math alphabet `\EuScript' in version `bold'
(Font)                  U/eus/m/n --> U/eus/b/n on input line 33.
) (/usr/local/texlive/2015/texmf-dist/tex/latex/psnfss/mathpazo.sty
Package: mathpazo 2005/04/12 PSNFSS-v9.2a Palatino w/ Pazo Math (D.Puga, WaS) 
\symupright=\mathgroup10
) (/usr/local/texlive/2015/texmf-dist/tex/latex/geometry/geometry.sty
Package: geometry 2010/09/12 v5.6 Page Geometry
 (/usr/local/texlive/2015/texmf-dist/tex/generic/oberdiek/ifpdf.sty
Package: ifpdf 2011/01/30 v2.3 Provides the ifpdf switch (HO)
Package ifpdf Info: pdfTeX in PDF mode is detected.
) (/usr/local/texlive/2015/texmf-dist/tex/generic/oberdiek/ifvtex.sty
Package: ifvtex 2010/03/01 v1.5 Detect VTeX and its facilities (HO)
Package ifvtex Info: VTeX not detected.
) (/usr/local/texlive/2015/texmf-dist/tex/generic/ifxetex/ifxetex.sty
Package: ifxetex 2010/09/12 v0.6 Provides ifxetex conditional
)
\Gm@cnth=\count101
\Gm@cntv=\count102
\c@Gm@tempcnt=\count103
\Gm@bindingoffset=\dimen114
\Gm@wd@mp=\dimen115
\Gm@odd@mp=\dimen116
\Gm@even@mp=\dimen117
\Gm@layoutwidth=\dimen118
\Gm@layoutheight=\dimen119
\Gm@layouthoffset=\dimen120
\Gm@layoutvoffset=\dimen121
\Gm@dimlist=\toks28
) (/usr/local/texlive/2015/texmf-dist/tex/latex/graphics/color.sty
Package: color 2014/10/28 v1.1a Standard LaTeX Color (DPC)

(/usr/local/texlive/2015/texmf-dist/tex/latex/latexconfig/color.cfg
File: color.cfg 2007/01/18 v1.5 color configuration of teTeX/TeXLive
)
Package color Info: Driver file: pdftex.def on input line 142.
) (/Users/aengle/Dropbox/UW2015-2016/Win2016/571/hw6/.texpadtmp/hw6.aux)
\openout1 = `hw6.aux'.

LaTeX Font Info:    Checking defaults for OML/cmm/m/it on input line 47.
LaTeX Font Info:    ... okay on input line 47.
LaTeX Font Info:    Checking defaults for T1/cmr/m/n on input line 47.
LaTeX Font Info:    ... okay on input line 47.
LaTeX Font Info:    Checking defaults for OT1/cmr/m/n on input line 47.
LaTeX Font Info:    ... okay on input line 47.
LaTeX Font Info:    Checking defaults for OMS/cmsy/m/n on input line 47.
LaTeX Font Info:    ... okay on input line 47.
LaTeX Font Info:    Checking defaults for OMX/cmex/m/n on input line 47.
LaTeX Font Info:    ... okay on input line 47.
LaTeX Font Info:    Checking defaults for U/cmr/m/n on input line 47.
LaTeX Font Info:    ... okay on input line 47.
LaTeX Font Info:    Try loading font information for OT1+pplx on input line 47.
 (/usr/local/texlive/2015/texmf-dist/tex/latex/psnfss/ot1pplx.fd
File: ot1pplx.fd 2004/09/06 font definitions for OT1/pplx.
) (/usr/local/texlive/2015/texmf-dist/tex/context/base/supp-pdf.mkii
[Loading MPS to PDF converter (version 2006.09.02).]
\scratchcounter=\count104
\scratchdimen=\dimen122
\scratchbox=\box30
\nofMPsegments=\count105
\nofMParguments=\count106
\everyMPshowfont=\toks29
\MPscratchCnt=\count107
\MPscratchDim=\dimen123
\MPnumerator=\count108
\makeMPintoPDFobject=\count109
\everyMPtoPDFconversion=\toks30
) (/usr/local/texlive/2015/texmf-dist/tex/generic/oberdiek/pdftexcmds.sty
Package: pdftexcmds 2011/11/29 v0.20 Utility functions of pdfTeX for LuaTeX (HO)
 (/usr/local/texlive/2015/texmf-dist/tex/generic/oberdiek/ifluatex.sty
Package: ifluatex 2010/03/01 v1.3 Provides the ifluatex switch (HO)
Package ifluatex Info: LuaTeX not detected.
)
Package pdftexcmds Info: LuaTeX not detected.
Package pdftexcmds Info: \pdf@primitive is available.
Package pdftexcmds Info: \pdf@ifprimitive is available.
Package pdftexcmds Info: \pdfdraftmode found.
) (/usr/local/texlive/2015/texmf-dist/tex/latex/oberdiek/epstopdf-base.sty
Package: epstopdf-base 2010/02/09 v2.5 Base part for package epstopdf
 (/usr/local/texlive/2015/texmf-dist/tex/latex/oberdiek/grfext.sty
Package: grfext 2010/08/19 v1.1 Manage graphics extensions (HO)
 (/usr/local/texlive/2015/texmf-dist/tex/generic/oberdiek/kvdefinekeys.sty
Package: kvdefinekeys 2011/04/07 v1.3 Define keys (HO)
)) (/usr/local/texlive/2015/texmf-dist/tex/latex/oberdiek/kvoptions.sty
Package: kvoptions 2011/06/30 v3.11 Key value format for package options (HO)
 (/usr/local/texlive/2015/texmf-dist/tex/generic/oberdiek/kvsetkeys.sty
Package: kvsetkeys 2012/04/25 v1.16 Key value parser (HO)
 (/usr/local/texlive/2015/texmf-dist/tex/generic/oberdiek/etexcmds.sty
Package: etexcmds 2011/02/16 v1.5 Avoid name clashes with e-TeX commands (HO)
Package etexcmds Info: Could not find \expanded.
(etexcmds)             That can mean that you are not using pdfTeX 1.50 or
(etexcmds)             that some package has redefined \expanded.
(etexcmds)             In the latter case, load this package earlier.
)))
Package grfext Info: Graphics extension search list:
(grfext)             [.png,.pdf,.jpg,.mps,.jpeg,.jbig2,.jb2,.PNG,.PDF,.JPG,.JPEG,.JBIG2,.JB2,.eps]
(grfext)             \AppendGraphicsExtensions on input line 452.
 (/usr/local/texlive/2015/texmf-dist/tex/latex/latexconfig/epstopdf-sys.cfg
File: epstopdf-sys.cfg 2010/07/13 v1.3 Configuration of (r)epstopdf for TeX Live
))
*geometry* driver: auto-detecting
*geometry* detected driver: pdftex
*geometry* verbose mode - [ preamble ] result:
* driver: pdftex
* paper: <default>
* layout: <same size as paper>
* layoutoffset:(h,v)=(0.0pt,0.0pt)
* modes: 
* h-part:(L,W,R)=(57.81621pt, 484.2088pt, 72.26999pt)
* v-part:(T,H,B)=(57.81621pt, 664.88379pt, 72.26999pt)
* \paperwidth=614.295pt
* \paperheight=794.96999pt
* \textwidth=484.2088pt
* \textheight=664.88379pt
* \oddsidemargin=-14.45378pt
* \evensidemargin=-14.45378pt
* \topmargin=-51.45378pt
* \headheight=12.0pt
* \headsep=25.0pt
* \topskip=11.0pt
* \footskip=30.0pt
* \marginparwidth=59.0pt
* \marginparsep=10.0pt
* \columnsep=10.0pt
* \skip\footins=10.0pt plus 4.0pt minus 2.0pt
* \hoffset=0.0pt
* \voffset=0.0pt
* \mag=1000
* \@twocolumnfalse
* \@twosidefalse
* \@mparswitchfalse
* \@reversemarginfalse
* (1in=72.27pt=25.4mm, 1cm=28.453pt)

LaTeX Font Info:    Try loading font information for OML+zplm on input line 58.
(/usr/local/texlive/2015/texmf-dist/tex/latex/psnfss/omlzplm.fd
File: omlzplm.fd 2002/09/08 Fontinst v1.914 font definitions for OML/zplm.
)
LaTeX Font Info:    Try loading font information for OMS+zplm on input line 58.
 (/usr/local/texlive/2015/texmf-dist/tex/latex/psnfss/omszplm.fd
File: omszplm.fd 2002/09/08 Fontinst v1.914 font definitions for OMS/zplm.
)
LaTeX Font Info:    Try loading font information for OMX+zplm on input line 58.
 (/usr/local/texlive/2015/texmf-dist/tex/latex/psnfss/omxzplm.fd
File: omxzplm.fd 2002/09/08 Fontinst v1.914 font definitions for OMX/zplm.
)
LaTeX Font Info:    Font shape `U/msa/m/n' will be
(Font)              scaled to size 11.40997pt on input line 58.
LaTeX Font Info:    Font shape `U/msa/m/n' will be
(Font)              scaled to size 8.33606pt on input line 58.
LaTeX Font Info:    Font shape `U/msa/m/n' will be
(Font)              scaled to size 6.25204pt on input line 58.
LaTeX Font Info:    Font shape `U/msb/m/n' will be
(Font)              scaled to size 11.40997pt on input line 58.
LaTeX Font Info:    Font shape `U/msb/m/n' will be
(Font)              scaled to size 8.33606pt on input line 58.
LaTeX Font Info:    Font shape `U/msb/m/n' will be
(Font)              scaled to size 6.25204pt on input line 58.
LaTeX Font Info:    Try loading font information for U+rsfs on input line 58.
 (/usr/local/texlive/2015/texmf-dist/tex/latex/jknapltx/ursfs.fd
File: ursfs.fd 1998/03/24 rsfs font definition file (jk)
)
LaTeX Font Info:    Try loading font information for OT1+zplm on input line 58.
 (/usr/local/texlive/2015/texmf-dist/tex/latex/psnfss/ot1zplm.fd
File: ot1zplm.fd 2002/09/08 Fontinst v1.914 font definitions for OT1/zplm.
) <Rplot1a0.png, id=1, 599.23875pt x 517.935pt>
File: Rplot1a0.png Graphic file (type png)
 <use Rplot1a0.png>
Package pdftex.def Info: Rplot1a0.png used on input line 60.
(pdftex.def)             Requested size: 239.69125pt x 207.17032pt.
 <Rplot1a1.png, id=3, 599.23875pt x 517.935pt>
File: Rplot1a1.png Graphic file (type png)
 <use Rplot1a1.png>
Package pdftex.def Info: Rplot1a1.png used on input line 61.
(pdftex.def)             Requested size: 239.69125pt x 207.17032pt.
 <Rplot1a2.png, id=4, 599.23875pt x 517.935pt>
File: Rplot1a2.png Graphic file (type png)
 <use Rplot1a2.png>
Package pdftex.def Info: Rplot1a2.png used on input line 62.
(pdftex.def)             Requested size: 239.69125pt x 207.17032pt.
 <Rplot1b3.png, id=5, 599.23875pt x 517.935pt>
File: Rplot1b3.png Graphic file (type png)
 <use Rplot1b3.png>
Package pdftex.def Info: Rplot1b3.png used on input line 68.
(pdftex.def)             Requested size: 239.69125pt x 207.17032pt.
 <Rplot1b4.png, id=6, 599.23875pt x 517.935pt>
File: Rplot1b4.png Graphic file (type png)
 <use Rplot1b4.png>
Package pdftex.def Info: Rplot1b4.png used on input line 69.
(pdftex.def)             Requested size: 239.69125pt x 207.17032pt.
 [1

{/usr/local/texlive/2015/texmf-var/fonts/map/pdftex/updmap/pdftex.map} <./Rplot1a0.png> <./Rplot1a1.png> <./Rplot1a2.png>] [2 <./Rplot1b3.png> <./Rplot1b4.png>]
Overfull \hbox (58.47758pt too wide) detected at line 115
\OML/zplm/m/it/10.95 P\OT1/zplm/m/n/10.95 (\OML/zplm/m/it/10.95 i[]\OT1/zplm/m/n/10.95 ) = \OML/zplm/m/it/10.95 P\OT1/zplm/m/n/10.95 (\OMS/zplm/m/n/10.95 f\OML/zplm/m/it/10.95 Y[] < \OT1/pplx/m/n/10.95 0\OMS/zplm/m/n/10.95 g [ f\OML/zplm/m/it/10.95 Y[] < \OT1/pplx/m/n/10.95 0\OMS/zplm/m/n/10.95 g\OT1/zplm/m/n/10.95 ) = \OML/zplm/m/it/10.95 P\OT1/zplm/m/n/10.95 (\OML/zplm/m/it/10.95 Y[] < \OT1/pplx/m/n/10.95 0\OT1/zplm/m/n/10.95 ) + \OML/zplm/m/it/10.95 P\OT1/zplm/m/n/10.95 (\OML/zplm/m/it/10.95 Y[] < \OT1/pplx/m/n/10.95 0\OT1/zplm/m/n/10.95 ) \OMS/zplm/m/n/10.95 ^^@ \OML/zplm/m/it/10.95 P\OT1/zplm/m/n/10.95 (\OML/zplm/m/it/10.95 Y[] < \OT1/pplx/m/n/10.95 0\OT1/zplm/m/n/10.95 )\OML/zplm/m/it/10.95 P\OT1/zplm/m/n/10.95 (\OML/zplm/m/it/10.95 Y[] < \OT1/pplx/m/n/10.95 0\OT1/zplm/m/n/10.95 )\OT1/pplx/m/n/10.95 .
 []

<Rplot1.png, id=29, 599.23875pt x 517.935pt>
File: Rplot1.png Graphic file (type png)
 <use Rplot1.png>
Package pdftex.def Info: Rplot1.png used on input line 118.
(pdftex.def)             Requested size: 239.69125pt x 207.17032pt.
 <Rplot2.png, id=30, 599.23875pt x 517.935pt>
File: Rplot2.png Graphic file (type png)
 <use Rplot2.png>
Package pdftex.def Info: Rplot2.png used on input line 119.
(pdftex.def)             Requested size: 239.69125pt x 207.17032pt.
 <Rplot1c1.png, id=31, 599.23875pt x 517.935pt>
File: Rplot1c1.png Graphic file (type png)
 <use Rplot1c1.png>
Package pdftex.def Info: Rplot1c1.png used on input line 125.
(pdftex.def)             Requested size: 239.69125pt x 207.17032pt.
 <Rplot1c2.png, id=32, 599.23875pt x 517.935pt>
File: Rplot1c2.png Graphic file (type png)
 <use Rplot1c2.png>
Package pdftex.def Info: Rplot1c2.png used on input line 126.
(pdftex.def)             Requested size: 239.69125pt x 207.17032pt.
 <Rplot1c3.png, id=33, 599.23875pt x 517.935pt>
File: Rplot1c3.png Graphic file (type png)
 <use Rplot1c3.png>
Package pdftex.def Info: Rplot1c3.png used on input line 127.
(pdftex.def)             Requested size: 239.69125pt x 207.17032pt.

Underfull \hbox (badness 10000) in paragraph at lines 122--128

 []


Underfull \hbox (badness 10000) in paragraph at lines 122--128

 []

[3 <./Rplot1.png> <./Rplot2.png>]
Overfull \hbox (13.01303pt too wide) in paragraph at lines 132--139
 [][] 
 []

[4 <./Rplot1c1.png> <./Rplot1c2.png> <./Rplot1c3.png>]
Underfull \hbox (badness 10000) in paragraph at lines 173--176

 []

[5]
Underfull \hbox (badness 10000) in paragraph at lines 187--189

 []


Underfull \hbox (badness 10000) in paragraph at lines 190--192

 []


Overfull \hbox (3.51024pt too wide) in paragraph at lines 190--192
\OT1/pplx/m/n/10.95 vari-ance $\OML/zplm/m/it/10.95 ^^\[]$\OT1/pplx/m/n/10.95 , where \OT1/pplx/m/it/10.95 all \OT1/pplx/m/n/10.95 ob-ser-va-tions are in-de-pen-dent. If we want con-sis-tency un-der the Neyman-
 []

[6]
Overfull \hbox (4.23982pt too wide) in paragraph at lines 196--198
\OML/zplm/m/it/10.95 E\OT1/zplm/m/n/10.95 [\OML/zplm/m/it/10.95 Y[]Y[]\OT1/zplm/m/n/10.95 ] = \OML/zplm/m/it/10.95 E\OT1/zplm/m/n/10.95 [\OML/zplm/m/it/10.95 Y[]\OT1/zplm/m/n/10.95 ]\OML/zplm/m/it/10.95 E\OT1/zplm/m/n/10.95 [\OML/zplm/m/it/10.95 Y[]\OT1/zplm/m/n/10.95 ]$ \OT1/pplx/m/n/10.95 so long as $\OML/zplm/m/it/10.95 i \OMS/zplm/m/n/10.95 6\OT1/zplm/m/n/10.95 = \OML/zplm/m/it/10.95 i[]$\OT1/pplx/m/n/10.95 . The first term $\OML/zplm/m/it/10.95 E\OT1/zplm/m/n/10.95 [\OML/zplm/m/it/10.95 Y[]Y[]\OT1/zplm/m/n/10.95 ] = \OML/zplm/m/it/10.95 E\OT1/zplm/m/n/10.95 [\OML/zplm/m/it/10.95 Y[]\OT1/zplm/m/n/10.95 ]\OML/zplm/m/it/10.95 E\OT1/zplm/m/n/10.95 [\OML/zplm/m/it/10.95 Y[]\OT1/zplm/m/n/10.95 ] + [](\OML/zplm/m/it/10.95 Y[]\OT1/pplx/m/n/10.95 , \OML/zplm/m/it/10.95 Y[]\OT1/zplm/m/n/10.95 ) =
 []

[7] [8] [9]
Overfull \hbox (84.91129pt too wide) in paragraph at lines 446--446
[]\OT1/cmtt/m/n/10.95 hist(betas[,1],main=expression(paste("Histogram of ", hat(beta)[0])),xlab=expression(hat(beta)[0]))[] 
 []


Overfull \hbox (84.91129pt too wide) in paragraph at lines 446--446
[]\OT1/cmtt/m/n/10.95 hist(betas[,2],main=expression(paste("Histogram of ", hat(beta)[1])),xlab=expression(hat(beta)[1]))[] 
 []


Overfull \hbox (84.91129pt too wide) in paragraph at lines 446--446
[]\OT1/cmtt/m/n/10.95 hist(betas[,3],main=expression(paste("Histogram of ", hat(beta)[2])),xlab=expression(hat(beta)[2]))[] 
 []


Overfull \hbox (84.91129pt too wide) in paragraph at lines 446--446
[]    \OT1/cmtt/m/n/10.95 pnorm((-b-0.5*x)/0.5) + pnorm((-b-0.5*x+1)/0.5) - pnorm((-b-0.5*x)/0.5)*pnorm((-b-0.5*x+1)/0.5)[] 
 []


Overfull \hbox (102.15735pt too wide) in paragraph at lines 446--446
[]\OT1/cmtt/m/n/10.95 plot(b,1-censor(0,b),main="Conditional Probability of Observing Cluster given X=0",ylab="probability")[] 
 []


Overfull \hbox (107.90604pt too wide) in paragraph at lines 446--446
[]\OT1/cmtt/m/n/10.95 plot(b,1-censor(1,b),main="Conditional Probability of Observing Cluster given X=1", ylab="probability")[] 
 []

[10]
Overfull \hbox (27.42441pt too wide) in paragraph at lines 446--446
[]  \OT1/cmtt/m/n/10.95 param2 = rnorm(4,mean=summary(mod2)$coefficients[,1],sd=summary(mod2)$coefficients[,2])[] 
 []

[11]
Overfull \hbox (27.42441pt too wide) in paragraph at lines 446--446
[]  \OT1/cmtt/m/n/10.95 param3 = rnorm(8,mean=summary(mod3)$coefficients[,1],sd=summary(mod3)$coefficients[,2])[] 
 []

[12]
Overfull \hbox (79.1626pt too wide) in paragraph at lines 446--446
[]\OT1/cmtt/m/n/10.95 hist(mine[,1],main=expression(paste("Histogram of ", hat(beta)[0])),xlab=expression(hat(beta)[0]))[] 
 []


Overfull \hbox (79.1626pt too wide) in paragraph at lines 446--446
[]\OT1/cmtt/m/n/10.95 hist(mine[,2],main=expression(paste("Histogram of ", hat(beta)[1])),xlab=expression(hat(beta)[1]))[] 
 []


Overfull \hbox (79.1626pt too wide) in paragraph at lines 446--446
[]\OT1/cmtt/m/n/10.95 hist(mine[,3],main=expression(paste("Histogram of ", hat(beta)[2])),xlab=expression(hat(beta)[2]))[] 
 []

[13] (/Users/aengle/Dropbox/UW2015-2016/Win2016/571/hw6/.texpadtmp/hw6.aux) ) 
Here is how much of TeX's memory you used:
 3563 strings out of 493089
 48421 string characters out of 6134842
 125317 words of memory out of 5000000
 6917 multiletter control sequences out of 15000+600000
 23960 words of font info for 74 fonts, out of 8000000 for 9000
 1141 hyphenation exceptions out of 8191
 38i,16n,32p,1276b,367s stack positions out of 5000i,500n,10000p,200000b,80000s
{/usr/local/texlive/2015/texmf-dist/fonts/enc/dvips/base/8r.enc}</usr/local/texlive/2015/texmf-dist/fonts/type1/public/amsfonts/cm/cmex10.pfb></usr/local/texlive/2015/texmf-dist/fonts/type1/public/amsfonts/cm/cmmi10.pfb></usr/local/texlive/2015/texmf-dist/fonts/type1/public/amsfonts/cm/cmmib10.pfb></usr/local/texlive/2015/texmf-dist/fonts/type1/public/amsfonts/cm/cmr10.pfb></usr/local/texlive/2015/texmf-dist/fonts/type1/public/amsfonts/cm/cmsy10.pfb></usr/local/texlive/2015/texmf-dist/fonts/type1/public/amsfonts/cm/cmtt10.pfb></usr/local/texlive/2015/texmf-dist/fonts/type1/public/mathpazo/fplmr.pfb></usr/local/texlive/2015/texmf-dist/fonts/type1/public/mathpazo/fplmri.pfb></usr/local/texlive/2015/texmf-dist/fonts/type1/urw/palatino/uplr8a.pfb></usr/local/texlive/2015/texmf-dist/fonts/type1/urw/palatino/uplri8a.pfb>
Output written on /Users/aengle/Dropbox/UW2015-2016/Win2016/571/hw6/.texpadtmp/hw6.pdf (13 pages, 395777 bytes).
PDF statistics:
 109 PDF objects out of 1000 (max. 8388607)
 63 compressed objects within 1 object stream
 0 named destinations out of 1000 (max. 500000)
 51 words of extra memory for PDF output out of 10000 (max. 10000000)

