This is pdfTeX, Version 3.14159265-2.6-1.40.16 (TeX Live 2015) (preloaded format=pdflatex 2015.5.24)  3 FEB 2016 11:44
entering extended mode
 restricted \write18 enabled.
 file:line:error style messages enabled.
 %&-line parsing enabled.
**HW4.tex
(./HW4.tex
LaTeX2e <2015/01/01>
Babel <3.9l> and hyphenation patterns for 79 languages loaded.
(/usr/local/texlive/2015/texmf-dist/tex/latex/base/article.cls
Document Class: article 2014/09/29 v1.4h Standard LaTeX document class
(/usr/local/texlive/2015/texmf-dist/tex/latex/base/size11.clo
File: size11.clo 2014/09/29 v1.4h Standard LaTeX file (size option)
)
\c@part=\count79
\c@section=\count80
\c@subsection=\count81
\c@subsubsection=\count82
\c@paragraph=\count83
\c@subparagraph=\count84
\c@figure=\count85
\c@table=\count86
\abovecaptionskip=\skip41
\belowcaptionskip=\skip42
\bibindent=\dimen102
) (/usr/local/texlive/2015/texmf-dist/tex/latex/amsmath/amsmath.sty
Package: amsmath 2013/01/14 v2.14 AMS math features
\@mathmargin=\skip43

For additional information on amsmath, use the `?' option.
(/usr/local/texlive/2015/texmf-dist/tex/latex/amsmath/amstext.sty
Package: amstext 2000/06/29 v2.01
 (/usr/local/texlive/2015/texmf-dist/tex/latex/amsmath/amsgen.sty
File: amsgen.sty 1999/11/30 v2.0
\@emptytoks=\toks14
\ex@=\dimen103
)) (/usr/local/texlive/2015/texmf-dist/tex/latex/amsmath/amsbsy.sty
Package: amsbsy 1999/11/29 v1.2d
\pmbraise@=\dimen104
) (/usr/local/texlive/2015/texmf-dist/tex/latex/amsmath/amsopn.sty
Package: amsopn 1999/12/14 v2.01 operator names
)
\inf@bad=\count87
LaTeX Info: Redefining \frac on input line 210.
\uproot@=\count88
\leftroot@=\count89
LaTeX Info: Redefining \overline on input line 306.
\classnum@=\count90
\DOTSCASE@=\count91
LaTeX Info: Redefining \ldots on input line 378.
LaTeX Info: Redefining \dots on input line 381.
LaTeX Info: Redefining \cdots on input line 466.
\Mathstrutbox@=\box26
\strutbox@=\box27
\big@size=\dimen105
LaTeX Font Info:    Redeclaring font encoding OML on input line 566.
LaTeX Font Info:    Redeclaring font encoding OMS on input line 567.
\macc@depth=\count92
\c@MaxMatrixCols=\count93
\dotsspace@=\muskip10
\c@parentequation=\count94
\dspbrk@lvl=\count95
\tag@help=\toks15
\row@=\count96
\column@=\count97
\maxfields@=\count98
\andhelp@=\toks16
\eqnshift@=\dimen106
\alignsep@=\dimen107
\tagshift@=\dimen108
\tagwidth@=\dimen109
\totwidth@=\dimen110
\lineht@=\dimen111
\@envbody=\toks17
\multlinegap=\skip44
\multlinetaggap=\skip45
\mathdisplay@stack=\toks18
LaTeX Info: Redefining \[ on input line 2665.
LaTeX Info: Redefining \] on input line 2666.
) (/usr/local/texlive/2015/texmf-dist/tex/latex/amsfonts/amssymb.sty
Package: amssymb 2013/01/14 v3.01 AMS font symbols
 (/usr/local/texlive/2015/texmf-dist/tex/latex/amsfonts/amsfonts.sty
Package: amsfonts 2013/01/14 v3.01 Basic AMSFonts support
\symAMSa=\mathgroup4
\symAMSb=\mathgroup5
LaTeX Font Info:    Overwriting math alphabet `\mathfrak' in version `bold'
(Font)                  U/euf/m/n --> U/euf/b/n on input line 106.
)) (/usr/local/texlive/2015/texmf-dist/tex/latex/amscls/amsthm.sty
Package: amsthm 2015/03/04 v2.20.2
\thm@style=\toks19
\thm@bodyfont=\toks20
\thm@headfont=\toks21
\thm@notefont=\toks22
\thm@headpunct=\toks23
\thm@preskip=\skip46
\thm@postskip=\skip47
\thm@headsep=\skip48
\dth@everypar=\toks24
) (/usr/local/texlive/2015/texmf-dist/tex/latex/cite/cite.sty
LaTeX Info: Redefining \cite on input line 302.
LaTeX Info: Redefining \nocite on input line 332.
Package: cite 2015/02/27  v 5.5
) (/usr/local/texlive/2015/texmf-dist/tex/latex/graphics/graphicx.sty
Package: graphicx 2014/10/28 v1.0g Enhanced LaTeX Graphics (DPC,SPQR)
 (/usr/local/texlive/2015/texmf-dist/tex/latex/graphics/keyval.sty
Package: keyval 2014/10/28 v1.15 key=value parser (DPC)
\KV@toks@=\toks25
) (/usr/local/texlive/2015/texmf-dist/tex/latex/graphics/graphics.sty
Package: graphics 2014/10/28 v1.0p Standard LaTeX Graphics (DPC,SPQR)
 (/usr/local/texlive/2015/texmf-dist/tex/latex/graphics/trig.sty
Package: trig 1999/03/16 v1.09 sin cos tan (DPC)
) (/usr/local/texlive/2015/texmf-dist/tex/latex/latexconfig/graphics.cfg
File: graphics.cfg 2010/04/23 v1.9 graphics configuration of TeX Live
)
Package graphics Info: Driver file: pdftex.def on input line 94.
 (/usr/local/texlive/2015/texmf-dist/tex/latex/pdftex-def/pdftex.def
File: pdftex.def 2011/05/27 v0.06d Graphics/color for pdfTeX
 (/usr/local/texlive/2015/texmf-dist/tex/generic/oberdiek/infwarerr.sty
Package: infwarerr 2010/04/08 v1.3 Providing info/warning/error messages (HO)
) (/usr/local/texlive/2015/texmf-dist/tex/generic/oberdiek/ltxcmds.sty
Package: ltxcmds 2011/11/09 v1.22 LaTeX kernel commands for general use (HO)
)
\Gread@gobject=\count99
))
\Gin@req@height=\dimen112
\Gin@req@width=\dimen113
) (/usr/local/texlive/2015/texmf-dist/tex/latex/float/float.sty
Package: float 2001/11/08 v1.3d Float enhancements (AL)
\c@float@type=\count100
\float@exts=\toks26
\float@box=\box28
\@float@everytoks=\toks27
\@floatcapt=\box29
) (/usr/local/texlive/2015/texmf-dist/tex/latex/jknapltx/mathrsfs.sty
Package: mathrsfs 1996/01/01 Math RSFS package v1.0 (jk)
\symrsfs=\mathgroup6
) (/usr/local/texlive/2015/texmf-dist/tex/latex/commath/commath.sty (/usr/local/texlive/2015/texmf-dist/tex/latex/base/ifthen.sty
Package: ifthen 2014/09/29 v1.1c Standard LaTeX ifthen package (DPC)
)) (/usr/local/texlive/2015/texmf-dist/tex/latex/doublestroke/dsfont.sty
Package: dsfont 1995/08/01 v0.1 Double stroke roman fonts
) (/usr/local/texlive/2015/texmf-dist/tex/latex/bbm-macros/bbm.sty
Package: bbm 1999/03/15 V 1.2 provides fonts for set symbols - TH
LaTeX Font Info:    Overwriting math alphabet `\mathbbm' in version `bold'
(Font)                  U/bbm/m/n --> U/bbm/bx/n on input line 33.
LaTeX Font Info:    Overwriting math alphabet `\mathbbmss' in version `bold'
(Font)                  U/bbmss/m/n --> U/bbmss/bx/n on input line 35.
) (/usr/local/texlive/2015/texmf-dist/tex/latex/tools/bm.sty
Package: bm 2014/10/28 v1.1c Bold Symbol Support (DPC/FMi)
\symboldoperators=\mathgroup7
\symboldletters=\mathgroup8
\symboldsymbols=\mathgroup9
LaTeX Font Info:    Redeclaring math alphabet \mathbf on input line 141.
LaTeX Info: Redefining \bm on input line 207.
) (/usr/local/texlive/2015/texmf-dist/tex/latex/amsfonts/eucal.sty
Package: eucal 2009/06/22 v3.00 Euler Script fonts
LaTeX Font Info:    Overwriting math alphabet `\EuScript' in version `bold'
(Font)                  U/eus/m/n --> U/eus/b/n on input line 33.
) (/usr/local/texlive/2015/texmf-dist/tex/latex/psnfss/mathpazo.sty
Package: mathpazo 2005/04/12 PSNFSS-v9.2a Palatino w/ Pazo Math (D.Puga, WaS) 
\symupright=\mathgroup10
) (/usr/local/texlive/2015/texmf-dist/tex/latex/geometry/geometry.sty
Package: geometry 2010/09/12 v5.6 Page Geometry
 (/usr/local/texlive/2015/texmf-dist/tex/generic/oberdiek/ifpdf.sty
Package: ifpdf 2011/01/30 v2.3 Provides the ifpdf switch (HO)
Package ifpdf Info: pdfTeX in PDF mode is detected.
) (/usr/local/texlive/2015/texmf-dist/tex/generic/oberdiek/ifvtex.sty
Package: ifvtex 2010/03/01 v1.5 Detect VTeX and its facilities (HO)
Package ifvtex Info: VTeX not detected.
) (/usr/local/texlive/2015/texmf-dist/tex/generic/ifxetex/ifxetex.sty
Package: ifxetex 2010/09/12 v0.6 Provides ifxetex conditional
)
\Gm@cnth=\count101
\Gm@cntv=\count102
\c@Gm@tempcnt=\count103
\Gm@bindingoffset=\dimen114
\Gm@wd@mp=\dimen115
\Gm@odd@mp=\dimen116
\Gm@even@mp=\dimen117
\Gm@layoutwidth=\dimen118
\Gm@layoutheight=\dimen119
\Gm@layouthoffset=\dimen120
\Gm@layoutvoffset=\dimen121
\Gm@dimlist=\toks28
) (/usr/local/texlive/2015/texmf-dist/tex/latex/graphics/color.sty
Package: color 2014/10/28 v1.1a Standard LaTeX Color (DPC)

(/usr/local/texlive/2015/texmf-dist/tex/latex/latexconfig/color.cfg
File: color.cfg 2007/01/18 v1.5 color configuration of teTeX/TeXLive
)
Package color Info: Driver file: pdftex.def on input line 142.
) (/Users/aengle/Dropbox/UW2015-2016/Win2016/571/hw4/.texpadtmp/HW4.aux)
\openout1 = `HW4.aux'.

LaTeX Font Info:    Checking defaults for OML/cmm/m/it on input line 47.
LaTeX Font Info:    ... okay on input line 47.
LaTeX Font Info:    Checking defaults for T1/cmr/m/n on input line 47.
LaTeX Font Info:    ... okay on input line 47.
LaTeX Font Info:    Checking defaults for OT1/cmr/m/n on input line 47.
LaTeX Font Info:    ... okay on input line 47.
LaTeX Font Info:    Checking defaults for OMS/cmsy/m/n on input line 47.
LaTeX Font Info:    ... okay on input line 47.
LaTeX Font Info:    Checking defaults for OMX/cmex/m/n on input line 47.
LaTeX Font Info:    ... okay on input line 47.
LaTeX Font Info:    Checking defaults for U/cmr/m/n on input line 47.
LaTeX Font Info:    ... okay on input line 47.
LaTeX Font Info:    Try loading font information for OT1+pplx on input line 47.
 (/usr/local/texlive/2015/texmf-dist/tex/latex/psnfss/ot1pplx.fd
File: ot1pplx.fd 2004/09/06 font definitions for OT1/pplx.
) (/usr/local/texlive/2015/texmf-dist/tex/context/base/supp-pdf.mkii
[Loading MPS to PDF converter (version 2006.09.02).]
\scratchcounter=\count104
\scratchdimen=\dimen122
\scratchbox=\box30
\nofMPsegments=\count105
\nofMParguments=\count106
\everyMPshowfont=\toks29
\MPscratchCnt=\count107
\MPscratchDim=\dimen123
\MPnumerator=\count108
\makeMPintoPDFobject=\count109
\everyMPtoPDFconversion=\toks30
) (/usr/local/texlive/2015/texmf-dist/tex/generic/oberdiek/pdftexcmds.sty
Package: pdftexcmds 2011/11/29 v0.20 Utility functions of pdfTeX for LuaTeX (HO)
 (/usr/local/texlive/2015/texmf-dist/tex/generic/oberdiek/ifluatex.sty
Package: ifluatex 2010/03/01 v1.3 Provides the ifluatex switch (HO)
Package ifluatex Info: LuaTeX not detected.
)
Package pdftexcmds Info: LuaTeX not detected.
Package pdftexcmds Info: \pdf@primitive is available.
Package pdftexcmds Info: \pdf@ifprimitive is available.
Package pdftexcmds Info: \pdfdraftmode found.
) (/usr/local/texlive/2015/texmf-dist/tex/latex/oberdiek/epstopdf-base.sty
Package: epstopdf-base 2010/02/09 v2.5 Base part for package epstopdf
 (/usr/local/texlive/2015/texmf-dist/tex/latex/oberdiek/grfext.sty
Package: grfext 2010/08/19 v1.1 Manage graphics extensions (HO)
 (/usr/local/texlive/2015/texmf-dist/tex/generic/oberdiek/kvdefinekeys.sty
Package: kvdefinekeys 2011/04/07 v1.3 Define keys (HO)
)) (/usr/local/texlive/2015/texmf-dist/tex/latex/oberdiek/kvoptions.sty
Package: kvoptions 2011/06/30 v3.11 Key value format for package options (HO)
 (/usr/local/texlive/2015/texmf-dist/tex/generic/oberdiek/kvsetkeys.sty
Package: kvsetkeys 2012/04/25 v1.16 Key value parser (HO)
 (/usr/local/texlive/2015/texmf-dist/tex/generic/oberdiek/etexcmds.sty
Package: etexcmds 2011/02/16 v1.5 Avoid name clashes with e-TeX commands (HO)
Package etexcmds Info: Could not find \expanded.
(etexcmds)             That can mean that you are not using pdfTeX 1.50 or
(etexcmds)             that some package has redefined \expanded.
(etexcmds)             In the latter case, load this package earlier.
)))
Package grfext Info: Graphics extension search list:
(grfext)             [.png,.pdf,.jpg,.mps,.jpeg,.jbig2,.jb2,.PNG,.PDF,.JPG,.JPEG,.JBIG2,.JB2,.eps]
(grfext)             \AppendGraphicsExtensions on input line 452.
 (/usr/local/texlive/2015/texmf-dist/tex/latex/latexconfig/epstopdf-sys.cfg
File: epstopdf-sys.cfg 2010/07/13 v1.3 Configuration of (r)epstopdf for TeX Live
))
*geometry* driver: auto-detecting
*geometry* detected driver: pdftex
*geometry* verbose mode - [ preamble ] result:
* driver: pdftex
* paper: <default>
* layout: <same size as paper>
* layoutoffset:(h,v)=(0.0pt,0.0pt)
* modes: 
* h-part:(L,W,R)=(57.81621pt, 484.2088pt, 72.26999pt)
* v-part:(T,H,B)=(57.81621pt, 664.88379pt, 72.26999pt)
* \paperwidth=614.295pt
* \paperheight=794.96999pt
* \textwidth=484.2088pt
* \textheight=664.88379pt
* \oddsidemargin=-14.45378pt
* \evensidemargin=-14.45378pt
* \topmargin=-51.45378pt
* \headheight=12.0pt
* \headsep=25.0pt
* \topskip=11.0pt
* \footskip=30.0pt
* \marginparwidth=59.0pt
* \marginparsep=10.0pt
* \columnsep=10.0pt
* \skip\footins=10.0pt plus 4.0pt minus 2.0pt
* \hoffset=0.0pt
* \voffset=0.0pt
* \mag=1000
* \@twocolumnfalse
* \@twosidefalse
* \@mparswitchfalse
* \@reversemarginfalse
* (1in=72.27pt=25.4mm, 1cm=28.453pt)

<RplotConditional.png, id=1, 599.23875pt x 517.935pt>
File: RplotConditional.png Graphic file (type png)
 <use RplotConditional.png>
Package pdftex.def Info: RplotConditional.png used on input line 58.
(pdftex.def)             Requested size: 239.69125pt x 207.17032pt.
 <RplotSpaghetti.png, id=3, 599.23875pt x 517.935pt>
File: RplotSpaghetti.png Graphic file (type png)
 <use RplotSpaghetti.png>
Package pdftex.def Info: RplotSpaghetti.png used on input line 59.
(pdftex.def)             Requested size: 239.69125pt x 207.17032pt.
LaTeX Font Info:    Try loading font information for OML+zplm on input line 61.
 (/usr/local/texlive/2015/texmf-dist/tex/latex/psnfss/omlzplm.fd
File: omlzplm.fd 2002/09/08 Fontinst v1.914 font definitions for OML/zplm.
)
LaTeX Font Info:    Try loading font information for OMS+zplm on input line 61.
 (/usr/local/texlive/2015/texmf-dist/tex/latex/psnfss/omszplm.fd
File: omszplm.fd 2002/09/08 Fontinst v1.914 font definitions for OMS/zplm.
)
LaTeX Font Info:    Try loading font information for OMX+zplm on input line 61.
 (/usr/local/texlive/2015/texmf-dist/tex/latex/psnfss/omxzplm.fd
File: omxzplm.fd 2002/09/08 Fontinst v1.914 font definitions for OMX/zplm.
)
LaTeX Font Info:    Font shape `U/msa/m/n' will be
(Font)              scaled to size 11.40997pt on input line 61.
LaTeX Font Info:    Font shape `U/msa/m/n' will be
(Font)              scaled to size 8.33606pt on input line 61.
LaTeX Font Info:    Font shape `U/msa/m/n' will be
(Font)              scaled to size 6.25204pt on input line 61.
LaTeX Font Info:    Font shape `U/msb/m/n' will be
(Font)              scaled to size 11.40997pt on input line 61.
LaTeX Font Info:    Font shape `U/msb/m/n' will be
(Font)              scaled to size 8.33606pt on input line 61.
LaTeX Font Info:    Font shape `U/msb/m/n' will be
(Font)              scaled to size 6.25204pt on input line 61.
LaTeX Font Info:    Try loading font information for U+rsfs on input line 61.
 (/usr/local/texlive/2015/texmf-dist/tex/latex/jknapltx/ursfs.fd
File: ursfs.fd 1998/03/24 rsfs font definition file (jk)
)
LaTeX Font Info:    Try loading font information for OT1+zplm on input line 61.
 (/usr/local/texlive/2015/texmf-dist/tex/latex/psnfss/ot1zplm.fd
File: ot1zplm.fd 2002/09/08 Fontinst v1.914 font definitions for OT1/zplm.
) <RplotFirstBoot_AR1.png, id=4, 599.23875pt x 517.935pt>
File: RplotFirstBoot_AR1.png Graphic file (type png)
 <use RplotFirstBoot_AR1.png>
Package pdftex.def Info: RplotFirstBoot_AR1.png used on input line 63.
(pdftex.def)             Requested size: 239.69125pt x 207.17032pt.
 <RplotFirstBoot_Exch.png, id=5, 599.23875pt x 517.935pt>
File: RplotFirstBoot_Exch.png Graphic file (type png)
 <use RplotFirstBoot_Exch.png>
Package pdftex.def Info: RplotFirstBoot_Exch.png used on input line 64.
(pdftex.def)             Requested size: 239.69125pt x 207.17032pt.
 <RplotDDAR1Beta0.png, id=6, 599.23875pt x 517.935pt>
File: RplotDDAR1Beta0.png Graphic file (type png)
 <use RplotDDAR1Beta0.png>
Package pdftex.def Info: RplotDDAR1Beta0.png used on input line 68.
(pdftex.def)             Requested size: 239.69125pt x 207.17032pt.
 <RplotDDAR1Beta1.png, id=7, 599.23875pt x 517.935pt>
File: RplotDDAR1Beta1.png Graphic file (type png)
 <use RplotDDAR1Beta1.png>
Package pdftex.def Info: RplotDDAR1Beta1.png used on input line 69.
(pdftex.def)             Requested size: 239.69125pt x 207.17032pt.
 <RplotDDAR1Beta2.png, id=8, 599.23875pt x 517.935pt>
File: RplotDDAR1Beta2.png Graphic file (type png)
 <use RplotDDAR1Beta2.png>
Package pdftex.def Info: RplotDDAR1Beta2.png used on input line 70.
(pdftex.def)             Requested size: 239.69125pt x 207.17032pt.
 <RplotDDAR1Beta3.png, id=9, 599.23875pt x 517.935pt>
File: RplotDDAR1Beta3.png Graphic file (type png)
 <use RplotDDAR1Beta3.png>
Package pdftex.def Info: RplotDDAR1Beta3.png used on input line 71.
(pdftex.def)             Requested size: 239.69125pt x 207.17032pt.
 [1

{/usr/local/texlive/2015/texmf-var/fonts/map/pdftex/updmap/pdftex.map} <./RplotConditional.png> <./RplotSpaghetti.png> <./RplotFirstBoot_AR1.png> <./RplotFirstBoot_Exch.png>] <RplotDDAR1GEEBeta0.png, id=24, 599.23875pt x 517.935pt>
File: RplotDDAR1GEEBeta0.png Graphic file (type png)
 <use RplotDDAR1GEEBeta0.png>
Package pdftex.def Info: RplotDDAR1GEEBeta0.png used on input line 75.
(pdftex.def)             Requested size: 239.69125pt x 207.17032pt.
 <RplotDDAR1GEEBeta1.png, id=25, 599.23875pt x 517.935pt>
File: RplotDDAR1GEEBeta1.png Graphic file (type png)
 <use RplotDDAR1GEEBeta1.png>
Package pdftex.def Info: RplotDDAR1GEEBeta1.png used on input line 76.
(pdftex.def)             Requested size: 239.69125pt x 207.17032pt.
 <RplotDDAR1GEEBeta2.png, id=26, 599.23875pt x 517.935pt>
File: RplotDDAR1GEEBeta2.png Graphic file (type png)
 <use RplotDDAR1GEEBeta2.png>
Package pdftex.def Info: RplotDDAR1GEEBeta2.png used on input line 77.
(pdftex.def)             Requested size: 239.69125pt x 207.17032pt.
 <RplotDDAR1GEEBeta3.png, id=27, 599.23875pt x 517.935pt>
File: RplotDDAR1GEEBeta3.png Graphic file (type png)
 <use RplotDDAR1GEEBeta3.png>
Package pdftex.def Info: RplotDDAR1GEEBeta3.png used on input line 78.
(pdftex.def)             Requested size: 239.69125pt x 207.17032pt.
 [2 <./RplotDDAR1Beta0.png> <./RplotDDAR1Beta1.png> <./RplotDDAR1Beta2.png> <./RplotDDAR1Beta3.png>] <RplotDDExchBeta0.png, id=35, 599.23875pt x 517.935pt>
File: RplotDDExchBeta0.png Graphic file (type png)
 <use RplotDDExchBeta0.png>
Package pdftex.def Info: RplotDDExchBeta0.png used on input line 82.
(pdftex.def)             Requested size: 239.69125pt x 207.17032pt.
 <RplotDDExchBeta1.png, id=36, 599.23875pt x 517.935pt>
File: RplotDDExchBeta1.png Graphic file (type png)
 <use RplotDDExchBeta1.png>
Package pdftex.def Info: RplotDDExchBeta1.png used on input line 83.
(pdftex.def)             Requested size: 239.69125pt x 207.17032pt.
 <RplotDDExchBeta2.png, id=37, 599.23875pt x 517.935pt>
File: RplotDDExchBeta2.png Graphic file (type png)
 <use RplotDDExchBeta2.png>
Package pdftex.def Info: RplotDDExchBeta2.png used on input line 84.
(pdftex.def)             Requested size: 239.69125pt x 207.17032pt.
 <RplotDDExchBeta3.png, id=38, 599.23875pt x 517.935pt>
File: RplotDDExchBeta3.png Graphic file (type png)
 <use RplotDDExchBeta3.png>
Package pdftex.def Info: RplotDDExchBeta3.png used on input line 85.
(pdftex.def)             Requested size: 239.69125pt x 207.17032pt.
 [3 <./RplotDDAR1GEEBeta0.png> <./RplotDDAR1GEEBeta1.png> <./RplotDDAR1GEEBeta2.png> <./RplotDDAR1GEEBeta3.png>]
<RplotDDExchGEEBeta0.png, id=46, 599.23875pt x 517.935pt>
File: RplotDDExchGEEBeta0.png Graphic file (type png)
 <use RplotDDExchGEEBeta0.png>
Package pdftex.def Info: RplotDDExchGEEBeta0.png used on input line 89.
(pdftex.def)             Requested size: 239.69125pt x 207.17032pt.
 <RplotDDExchGEEBeta1.png, id=47, 599.23875pt x 517.935pt>
File: RplotDDExchGEEBeta1.png Graphic file (type png)
 <use RplotDDExchGEEBeta1.png>
Package pdftex.def Info: RplotDDExchGEEBeta1.png used on input line 90.
(pdftex.def)             Requested size: 239.69125pt x 207.17032pt.
 <RplotDDExchGEEBeta2.png, id=48, 599.23875pt x 517.935pt>
File: RplotDDExchGEEBeta2.png Graphic file (type png)
 <use RplotDDExchGEEBeta2.png>
Package pdftex.def Info: RplotDDExchGEEBeta2.png used on input line 91.
(pdftex.def)             Requested size: 239.69125pt x 207.17032pt.
 <RplotDDExchGEEBeta3.png, id=49, 599.23875pt x 517.935pt>
File: RplotDDExchGEEBeta3.png Graphic file (type png)
 <use RplotDDExchGEEBeta3.png>
Package pdftex.def Info: RplotDDExchGEEBeta3.png used on input line 92.
(pdftex.def)             Requested size: 239.69125pt x 207.17032pt.
 [4 <./RplotDDExchBeta0.png> <./RplotDDExchBeta1.png> <./RplotDDExchBeta2.png> <./RplotDDExchBeta3.png>] <RplotAR1Mean1.png, id=57, 599.23875pt x 517.935pt>
File: RplotAR1Mean1.png Graphic file (type png)
 <use RplotAR1Mean1.png>
Package pdftex.def Info: RplotAR1Mean1.png used on input line 96.
(pdftex.def)             Requested size: 239.69125pt x 207.17032pt.
 <RplotAR1Mean2.png, id=58, 599.23875pt x 517.935pt>
File: RplotAR1Mean2.png Graphic file (type png)
 <use RplotAR1Mean2.png>
Package pdftex.def Info: RplotAR1Mean2.png used on input line 97.
(pdftex.def)             Requested size: 239.69125pt x 207.17032pt.
 [5 <./RplotDDExchGEEBeta0.png> <./RplotDDExchGEEBeta1.png> <./RplotDDExchGEEBeta2.png> <./RplotDDExchGEEBeta3.png>] <RplotExchMean1.png, id=67, 599.23875pt x 517.935pt>
File: RplotExchMean1.png Graphic file (type png)
 <use RplotExchMean1.png>
Package pdftex.def Info: RplotExchMean1.png used on input line 102.
(pdftex.def)             Requested size: 239.69125pt x 207.17032pt.
 <RplotExchMean2.png, id=68, 599.23875pt x 517.935pt>
File: RplotExchMean2.png Graphic file (type png)
 <use RplotExchMean2.png>
Package pdftex.def Info: RplotExchMean2.png used on input line 103.
(pdftex.def)             Requested size: 239.69125pt x 207.17032pt.
 <RplotAR1Var.png, id=69, 599.23875pt x 517.935pt>
File: RplotAR1Var.png Graphic file (type png)
 <use RplotAR1Var.png>
Package pdftex.def Info: RplotAR1Var.png used on input line 108.
(pdftex.def)             Requested size: 239.69125pt x 207.17032pt.
 <RplotExchVar.png, id=70, 599.23875pt x 517.935pt>
File: RplotExchVar.png Graphic file (type png)
 <use RplotExchVar.png>
Package pdftex.def Info: RplotExchVar.png used on input line 109.
(pdftex.def)             Requested size: 239.69125pt x 207.17032pt.
 [6 <./RplotAR1Mean1.png> <./RplotAR1Mean2.png> <./RplotExchMean1.png> <./RplotExchMean2.png>] <RplotSemiVar.png, id=78, 599.23875pt x 517.935pt>
File: RplotSemiVar.png Graphic file (type png)
 <use RplotSemiVar.png>
Package pdftex.def Info: RplotSemiVar.png used on input line 115.
(pdftex.def)             Requested size: 239.69125pt x 207.17032pt.
 [7 <./RplotAR1Var.png> <./RplotExchVar.png> <./RplotSemiVar.png>] <Rplotp21.png, id=86, 599.23875pt x 517.935pt>
File: Rplotp21.png Graphic file (type png)
 <use Rplotp21.png>
Package pdftex.def Info: Rplotp21.png used on input line 122.
(pdftex.def)             Requested size: 239.69125pt x 207.17032pt.
 <Rplotp22.png, id=87, 599.23875pt x 517.935pt>
File: Rplotp22.png Graphic file (type png)
 <use Rplotp22.png>
Package pdftex.def Info: Rplotp22.png used on input line 123.
(pdftex.def)             Requested size: 239.69125pt x 207.17032pt.
 <Rplotp23.png, id=88, 599.23875pt x 517.935pt>
File: Rplotp23.png Graphic file (type png)
 <use Rplotp23.png>
Package pdftex.def Info: Rplotp23.png used on input line 127.
(pdftex.def)             Requested size: 239.69125pt x 207.17032pt.
 <Rplotp24.png, id=89, 599.23875pt x 517.935pt>
File: Rplotp24.png Graphic file (type png)
 <use Rplotp24.png>
Package pdftex.def Info: Rplotp24.png used on input line 128.
(pdftex.def)             Requested size: 239.69125pt x 207.17032pt.
 [8 <./Rplotp21.png> <./Rplotp22.png> <./Rplotp23.png> <./Rplotp24.png>] <Rplotp41.png, id=98, 599.23875pt x 517.935pt>
File: Rplotp41.png Graphic file (type png)
 <use Rplotp41.png>
Package pdftex.def Info: Rplotp41.png used on input line 137.
(pdftex.def)             Requested size: 239.69125pt x 207.17032pt.
 [9 <./Rplotp41.png>] [10] [11]
Overfull \hbox (153.89554pt too wide) in paragraph at lines 634--634
[]\OT1/cmtt/m/n/10.95 #        col=c(rep("blue",48),rep("black",4),rep("blue",12),rep("magenta",8),rep("green",4),rep("magenta",32)),[] 
 []


Overfull \hbox (61.91653pt too wide) in paragraph at lines 634--634
[]        \OT1/cmtt/m/n/10.95 xlim=c(8,14),xlab="Age", ylab="Distance (mm)", main="Spaghetti Plot Colored by Gender")[] 
 []

[12]
Overfull \hbox (4.42966pt too wide) in paragraph at lines 634--634
[]              \OT1/cmtt/m/n/10.95 measure.vars=c("distance.8","distance.10","distance.12","distance.14"))[] 
 []

[13] [14] [15]
Overfull \hbox (96.40866pt too wide) in paragraph at lines 634--634
[]     \OT1/cmtt/m/n/10.95 log="y", col=c(rep("blue",64),rep("magenta",44)),pch=c(rep(20,48),rep(3,4),rep(20,12),rep(20,8),[] 
 []


Overfull \hbox (27.42441pt too wide) in paragraph at lines 634--634
[]    \OT1/cmtt/m/n/10.95 #have to include this otherwise multiple kids appearing won't be distinguished in GEE[] 
 []

[16]
Overfull \hbox (314.8588pt too wide) in paragraph at lines 634--634
[]\OT1/cmtt/m/n/10.95 + ggtitle("Deletion Diagnostics for Dental Data AR(1)") + xlab("Child Not Appearing") + ylab(expression(paste("Values of ", hat(beta)[1])))[] 
 []


Overfull \hbox (314.8588pt too wide) in paragraph at lines 634--634
[]\OT1/cmtt/m/n/10.95 + ggtitle("Deletion Diagnostics for Dental Data AR(1)") + xlab("Child Not Appearing") + ylab(expression(paste("Values of ", hat(beta)[0])))[] 
 []


Overfull \hbox (314.8588pt too wide) in paragraph at lines 634--634
[]\OT1/cmtt/m/n/10.95 + ggtitle("Deletion Diagnostics for Dental Data AR(1)") + xlab("Child Not Appearing") + ylab(expression(paste("Values of ", hat(beta)[2])))[] 
 []


Overfull \hbox (314.8588pt too wide) in paragraph at lines 634--634
[]\OT1/cmtt/m/n/10.95 + ggtitle("Deletion Diagnostics for Dental Data AR(1)") + xlab("Child Not Appearing") + ylab(expression(paste("Values of ", hat(beta)[3])))[] 
 []

[17]
Overfull \hbox (458.57599pt too wide) in paragraph at lines 634--634
[]     \OT1/cmtt/m/n/10.95 main="Intercept Estimate, Leaving out Cluster with 95% GEE Interval", xlab="Cluster Omitted", ylab=expression(paste(hat(beta)[0], "with Confidence Interval")))[] 
 []


Overfull \hbox (412.58649pt too wide) in paragraph at lines 634--634
[] \OT1/cmtt/m/n/10.95 main="Slope Estimate, Leaving out Cluster with 95% GEE Interval", xlab="Cluster Omitted", ylab=expression(paste(hat(beta)[1], "with Confidence Interval")))[] 
 []


Overfull \hbox (435.58124pt too wide) in paragraph at lines 634--634
[]     \OT1/cmtt/m/n/10.95 main="Slope Estimate, Leaving out Cluster with 95% GEE Interval", xlab="Cluster Omitted", ylab=expression(paste(hat(beta)[2], "with Confidence Interval")))[] 
 []


Overfull \hbox (435.58124pt too wide) in paragraph at lines 634--634
[]     \OT1/cmtt/m/n/10.95 main="Slope Estimate, Leaving out Cluster with 95% GEE Interval", xlab="Cluster Omitted", ylab=expression(paste(hat(beta)[3], "with Confidence Interval")))[] 
 []

[18]
Overfull \hbox (15.92703pt too wide) in paragraph at lines 634--634
[]                \OT1/cmtt/m/n/10.95 measure.vars=c("distance.8","distance.10","distance.12","distance.14"))[] 
 []


Overfull \hbox (27.42441pt too wide) in paragraph at lines 634--634
[]    \OT1/cmtt/m/n/10.95 #have to include this otherwise multiple kids appearing won't be distinguished in GEE[] 
 []


Overfull \hbox (10.17834pt too wide) in paragraph at lines 634--634
[]    \OT1/cmtt/m/n/10.95 gee1temp <- geem(value~I(age-8)*male, id=bootID, data=long, corstr="exchangeable")[] 
 []


Overfull \hbox (355.09961pt too wide) in paragraph at lines 634--634
[]\OT1/cmtt/m/n/10.95 + ggtitle("Deletion Diagnostics for Dental Data Exchangeable") + xlab("Child Not Appearing") + ylab(expression(paste("Values of ", hat(beta)[1])))[] 
 []


Overfull \hbox (355.09961pt too wide) in paragraph at lines 634--634
[]\OT1/cmtt/m/n/10.95 + ggtitle("Deletion Diagnostics for Dental Data Exchangeable") + xlab("Child Not Appearing") + ylab(expression(paste("Values of ", hat(beta)[0])))[] 
 []


Overfull \hbox (355.09961pt too wide) in paragraph at lines 634--634
[]\OT1/cmtt/m/n/10.95 + ggtitle("Deletion Diagnostics for Dental Data Exchangeable") + xlab("Child Not Appearing") + ylab(expression(paste("Values of ", hat(beta)[2])))[] 
 []


Overfull \hbox (355.09961pt too wide) in paragraph at lines 634--634
[]\OT1/cmtt/m/n/10.95 + ggtitle("Deletion Diagnostics for Dental Data Exchangeable") + xlab("Child Not Appearing") + ylab(expression(paste("Values of ", hat(beta)[3])))[] 
 []

[19]
Overfull \hbox (4.42966pt too wide) in paragraph at lines 634--634
[]  \OT1/cmtt/m/n/10.95 geetemp1 <- geem(distance~I(age-8)*male, id=id, data=d4temp, corstr="exchangeable")[] 
 []


Overfull \hbox (458.57599pt too wide) in paragraph at lines 634--634
[]     \OT1/cmtt/m/n/10.95 main="Intercept Estimate, Leaving out Cluster with 95% GEE Interval", xlab="Cluster Omitted", ylab=expression(paste(hat(beta)[0], "with Confidence Interval")))[] 
 []


Overfull \hbox (435.58124pt too wide) in paragraph at lines 634--634
[]     \OT1/cmtt/m/n/10.95 main="Slope Estimate, Leaving out Cluster with 95% GEE Interval", xlab="Cluster Omitted", ylab=expression(paste(hat(beta)[1], "with Confidence Interval")))[] 
 []


Overfull \hbox (435.58124pt too wide) in paragraph at lines 634--634
[]     \OT1/cmtt/m/n/10.95 main="Slope Estimate, Leaving out Cluster with 95% GEE Interval", xlab="Cluster Omitted", ylab=expression(paste(hat(beta)[2], "with Confidence Interval")))[] 
 []


Overfull \hbox (435.58124pt too wide) in paragraph at lines 634--634
[]     \OT1/cmtt/m/n/10.95 main="Slope Estimate, Leaving out Cluster with 95% GEE Interval", xlab="Cluster Omitted", ylab=expression(paste(hat(beta)[3], "with Confidence Interval")))[] 
 []

[20] [21]
Overfull \hbox (67.66522pt too wide) in paragraph at lines 719--719
[]\OT1/cmtt/m/n/10.95 hist(ests[,1],main="Histogram of Slope Estimates, n=50, B=10^4", xlab=expression(hat(beta)[50]))[] 
 []


Overfull \hbox (90.65997pt too wide) in paragraph at lines 719--719
[]\OT1/cmtt/m/n/10.95 hist(ests[,2],xlab="Estimated Std Err", main="Histogram of Estimated Standard Errors, n=50, B=10^4")[] 
 []


Overfull \hbox (27.42441pt too wide) in paragraph at lines 719--719
[]\OT1/cmtt/m/n/10.95 legend("topright",legend=expression(paste("Est. of True Std Err")),lty=1,lwd=1,col="red")[] 
 []


Overfull \hbox (96.40866pt too wide) in paragraph at lines 719--719
[]\OT1/cmtt/m/n/10.95 legend("bottomright", "Intercept = True Parameter\n Slope=Est of True Std Err",lty=1,lwd=2,col="red")[] 
 []


Overfull \hbox (90.65997pt too wide) in paragraph at lines 719--719
[]\OT1/cmtt/m/n/10.95 bivariate = data.frame(c(ests[,1],beta1), c(ests[,2],estStdErr),as.factor(rep(c(1,2),times=c(B,1))))[] 
 []


Overfull \hbox (194.13635pt too wide) in paragraph at lines 719--719
[]\OT1/cmtt/m/n/10.95 ggplot(bivariate, aes(beta, stderr, color=id)) + geom_point(alpha=1/2) + ggtitle("Estimates from B=10^4 Replications")[] 
 []

[22] [23]
Overfull \hbox (171.1416pt too wide) in paragraph at lines 781--781
[]\OT1/cmtt/m/n/10.95 betaBox <- data.frame(c(beta1s,beta1sAR1),rep(seq(-5,5,0.5),2),as.factor(rep(c("Indp","AR1"),each=length(beta2))))[] 
 []


Overfull \hbox (257.37192pt too wide) in paragraph at lines 781--781
[]\OT1/cmtt/m/n/10.95 ggplot(betaBox, aes(x=true, y=slopes,col=id))  + geom_line() + ggtitle(expression(paste("Slopes against ", beta[2], " Values")))+[] 
 []

[24] (/Users/aengle/Dropbox/UW2015-2016/Win2016/571/hw4/.texpadtmp/HW4.aux) ) 
Here is how much of TeX's memory you used:
 3672 strings out of 493089
 51225 string characters out of 6134842
 129111 words of memory out of 5000000
 7005 multiletter control sequences out of 15000+600000
 23513 words of font info for 73 fonts, out of 8000000 for 9000
 1141 hyphenation exceptions out of 8191
 38i,9n,32p,925b,369s stack positions out of 5000i,500n,10000p,200000b,80000s
{/usr/local/texlive/2015/texmf-dist/fonts/enc/dvips/base/8r.enc}</usr/local/texlive/2015/texmf-dist/fonts/type1/public/amsfonts/cm/cmbx10.pfb></usr/local/texlive/2015/texmf-dist/fonts/type1/public/amsfonts/cm/cmex10.pfb></usr/local/texlive/2015/texmf-dist/fonts/type1/public/amsfonts/cm/cmmib10.pfb></usr/local/texlive/2015/texmf-dist/fonts/type1/public/amsfonts/cm/cmr10.pfb></usr/local/texlive/2015/texmf-dist/fonts/type1/public/amsfonts/cm/cmsy10.pfb></usr/local/texlive/2015/texmf-dist/fonts/type1/public/amsfonts/cm/cmtt10.pfb></usr/local/texlive/2015/texmf-dist/fonts/type1/public/mathpazo/fplmr.pfb></usr/local/texlive/2015/texmf-dist/fonts/type1/public/mathpazo/fplmri.pfb></usr/local/texlive/2015/texmf-dist/fonts/type1/urw/palatino/uplr8a.pfb></usr/local/texlive/2015/texmf-dist/fonts/type1/urw/palatino/uplri8a.pfb>
Output written on /Users/aengle/Dropbox/UW2015-2016/Win2016/571/hw4/.texpadtmp/HW4.pdf (24 pages, 1055253 bytes).
PDF statistics:
 187 PDF objects out of 1000 (max. 8388607)
 86 compressed objects within 1 object stream
 0 named destinations out of 1000 (max. 500000)
 161 words of extra memory for PDF output out of 10000 (max. 10000000)

