This is pdfTeX, Version 3.14159265-2.6-1.40.16 (TeX Live 2015) (preloaded format=pdflatex 2015.5.24)  16 MAR 2016 11:24
entering extended mode
 restricted \write18 enabled.
 file:line:error style messages enabled.
 %&-line parsing enabled.
**hw10.tex
(./hw10.tex
LaTeX2e <2015/01/01>
Babel <3.9l> and hyphenation patterns for 79 languages loaded.
(/usr/local/texlive/2015/texmf-dist/tex/latex/base/article.cls
Document Class: article 2014/09/29 v1.4h Standard LaTeX document class
(/usr/local/texlive/2015/texmf-dist/tex/latex/base/size11.clo
File: size11.clo 2014/09/29 v1.4h Standard LaTeX file (size option)
)
\c@part=\count79
\c@section=\count80
\c@subsection=\count81
\c@subsubsection=\count82
\c@paragraph=\count83
\c@subparagraph=\count84
\c@figure=\count85
\c@table=\count86
\abovecaptionskip=\skip41
\belowcaptionskip=\skip42
\bibindent=\dimen102
) (/usr/local/texlive/2015/texmf-dist/tex/latex/amsmath/amsmath.sty
Package: amsmath 2013/01/14 v2.14 AMS math features
\@mathmargin=\skip43

For additional information on amsmath, use the `?' option.
(/usr/local/texlive/2015/texmf-dist/tex/latex/amsmath/amstext.sty
Package: amstext 2000/06/29 v2.01
 (/usr/local/texlive/2015/texmf-dist/tex/latex/amsmath/amsgen.sty
File: amsgen.sty 1999/11/30 v2.0
\@emptytoks=\toks14
\ex@=\dimen103
)) (/usr/local/texlive/2015/texmf-dist/tex/latex/amsmath/amsbsy.sty
Package: amsbsy 1999/11/29 v1.2d
\pmbraise@=\dimen104
) (/usr/local/texlive/2015/texmf-dist/tex/latex/amsmath/amsopn.sty
Package: amsopn 1999/12/14 v2.01 operator names
)
\inf@bad=\count87
LaTeX Info: Redefining \frac on input line 210.
\uproot@=\count88
\leftroot@=\count89
LaTeX Info: Redefining \overline on input line 306.
\classnum@=\count90
\DOTSCASE@=\count91
LaTeX Info: Redefining \ldots on input line 378.
LaTeX Info: Redefining \dots on input line 381.
LaTeX Info: Redefining \cdots on input line 466.
\Mathstrutbox@=\box26
\strutbox@=\box27
\big@size=\dimen105
LaTeX Font Info:    Redeclaring font encoding OML on input line 566.
LaTeX Font Info:    Redeclaring font encoding OMS on input line 567.
\macc@depth=\count92
\c@MaxMatrixCols=\count93
\dotsspace@=\muskip10
\c@parentequation=\count94
\dspbrk@lvl=\count95
\tag@help=\toks15
\row@=\count96
\column@=\count97
\maxfields@=\count98
\andhelp@=\toks16
\eqnshift@=\dimen106
\alignsep@=\dimen107
\tagshift@=\dimen108
\tagwidth@=\dimen109
\totwidth@=\dimen110
\lineht@=\dimen111
\@envbody=\toks17
\multlinegap=\skip44
\multlinetaggap=\skip45
\mathdisplay@stack=\toks18
LaTeX Info: Redefining \[ on input line 2665.
LaTeX Info: Redefining \] on input line 2666.
) (/usr/local/texlive/2015/texmf-dist/tex/latex/amsfonts/amssymb.sty
Package: amssymb 2013/01/14 v3.01 AMS font symbols
 (/usr/local/texlive/2015/texmf-dist/tex/latex/amsfonts/amsfonts.sty
Package: amsfonts 2013/01/14 v3.01 Basic AMSFonts support
\symAMSa=\mathgroup4
\symAMSb=\mathgroup5
LaTeX Font Info:    Overwriting math alphabet `\mathfrak' in version `bold'
(Font)                  U/euf/m/n --> U/euf/b/n on input line 106.
)) (/usr/local/texlive/2015/texmf-dist/tex/latex/amscls/amsthm.sty
Package: amsthm 2015/03/04 v2.20.2
\thm@style=\toks19
\thm@bodyfont=\toks20
\thm@headfont=\toks21
\thm@notefont=\toks22
\thm@headpunct=\toks23
\thm@preskip=\skip46
\thm@postskip=\skip47
\thm@headsep=\skip48
\dth@everypar=\toks24
) (/usr/local/texlive/2015/texmf-dist/tex/latex/cite/cite.sty
LaTeX Info: Redefining \cite on input line 302.
LaTeX Info: Redefining \nocite on input line 332.
Package: cite 2015/02/27  v 5.5
) (/usr/local/texlive/2015/texmf-dist/tex/latex/graphics/graphicx.sty
Package: graphicx 2014/10/28 v1.0g Enhanced LaTeX Graphics (DPC,SPQR)
 (/usr/local/texlive/2015/texmf-dist/tex/latex/graphics/keyval.sty
Package: keyval 2014/10/28 v1.15 key=value parser (DPC)
\KV@toks@=\toks25
) (/usr/local/texlive/2015/texmf-dist/tex/latex/graphics/graphics.sty
Package: graphics 2014/10/28 v1.0p Standard LaTeX Graphics (DPC,SPQR)
 (/usr/local/texlive/2015/texmf-dist/tex/latex/graphics/trig.sty
Package: trig 1999/03/16 v1.09 sin cos tan (DPC)
) (/usr/local/texlive/2015/texmf-dist/tex/latex/latexconfig/graphics.cfg
File: graphics.cfg 2010/04/23 v1.9 graphics configuration of TeX Live
)
Package graphics Info: Driver file: pdftex.def on input line 94.
 (/usr/local/texlive/2015/texmf-dist/tex/latex/pdftex-def/pdftex.def
File: pdftex.def 2011/05/27 v0.06d Graphics/color for pdfTeX
 (/usr/local/texlive/2015/texmf-dist/tex/generic/oberdiek/infwarerr.sty
Package: infwarerr 2010/04/08 v1.3 Providing info/warning/error messages (HO)
) (/usr/local/texlive/2015/texmf-dist/tex/generic/oberdiek/ltxcmds.sty
Package: ltxcmds 2011/11/09 v1.22 LaTeX kernel commands for general use (HO)
)
\Gread@gobject=\count99
))
\Gin@req@height=\dimen112
\Gin@req@width=\dimen113
) (/usr/local/texlive/2015/texmf-dist/tex/latex/float/float.sty
Package: float 2001/11/08 v1.3d Float enhancements (AL)
\c@float@type=\count100
\float@exts=\toks26
\float@box=\box28
\@float@everytoks=\toks27
\@floatcapt=\box29
) (/usr/local/texlive/2015/texmf-dist/tex/latex/jknapltx/mathrsfs.sty
Package: mathrsfs 1996/01/01 Math RSFS package v1.0 (jk)
\symrsfs=\mathgroup6
) (/usr/local/texlive/2015/texmf-dist/tex/latex/commath/commath.sty (/usr/local/texlive/2015/texmf-dist/tex/latex/base/ifthen.sty
Package: ifthen 2014/09/29 v1.1c Standard LaTeX ifthen package (DPC)
)) (/usr/local/texlive/2015/texmf-dist/tex/latex/doublestroke/dsfont.sty
Package: dsfont 1995/08/01 v0.1 Double stroke roman fonts
) (/usr/local/texlive/2015/texmf-dist/tex/latex/bbm-macros/bbm.sty
Package: bbm 1999/03/15 V 1.2 provides fonts for set symbols - TH
LaTeX Font Info:    Overwriting math alphabet `\mathbbm' in version `bold'
(Font)                  U/bbm/m/n --> U/bbm/bx/n on input line 33.
LaTeX Font Info:    Overwriting math alphabet `\mathbbmss' in version `bold'
(Font)                  U/bbmss/m/n --> U/bbmss/bx/n on input line 35.
) (/usr/local/texlive/2015/texmf-dist/tex/latex/tools/bm.sty
Package: bm 2014/10/28 v1.1c Bold Symbol Support (DPC/FMi)
\symboldoperators=\mathgroup7
\symboldletters=\mathgroup8
\symboldsymbols=\mathgroup9
LaTeX Font Info:    Redeclaring math alphabet \mathbf on input line 141.
LaTeX Info: Redefining \bm on input line 207.
) (/usr/local/texlive/2015/texmf-dist/tex/latex/setspace/setspace.sty
Package: setspace 2011/12/19 v6.7a set line spacing
) (/usr/local/texlive/2015/texmf-dist/tex/latex/lipsum/lipsum.sty
Package: lipsum 2014/07/27 v1.3 150 paragraphs of Lorem Ipsum dummy text
\c@lips@count=\count101
) (/usr/local/texlive/2015/texmf-dist/tex/latex/amsfonts/eucal.sty
Package: eucal 2009/06/22 v3.00 Euler Script fonts
LaTeX Font Info:    Overwriting math alphabet `\EuScript' in version `bold'
(Font)                  U/eus/m/n --> U/eus/b/n on input line 33.
) (/usr/local/texlive/2015/texmf-dist/tex/latex/psnfss/mathpazo.sty
Package: mathpazo 2005/04/12 PSNFSS-v9.2a Palatino w/ Pazo Math (D.Puga, WaS) 
\symupright=\mathgroup10
) (/usr/local/texlive/2015/texmf-dist/tex/latex/geometry/geometry.sty
Package: geometry 2010/09/12 v5.6 Page Geometry
 (/usr/local/texlive/2015/texmf-dist/tex/generic/oberdiek/ifpdf.sty
Package: ifpdf 2011/01/30 v2.3 Provides the ifpdf switch (HO)
Package ifpdf Info: pdfTeX in PDF mode is detected.
) (/usr/local/texlive/2015/texmf-dist/tex/generic/oberdiek/ifvtex.sty
Package: ifvtex 2010/03/01 v1.5 Detect VTeX and its facilities (HO)
Package ifvtex Info: VTeX not detected.
)
(/usr/local/texlive/2015/texmf-dist/tex/generic/ifxetex/ifxetex.sty
Package: ifxetex 2010/09/12 v0.6 Provides ifxetex conditional
)
\Gm@cnth=\count102
\Gm@cntv=\count103
\c@Gm@tempcnt=\count104
\Gm@bindingoffset=\dimen114
\Gm@wd@mp=\dimen115
\Gm@odd@mp=\dimen116
\Gm@even@mp=\dimen117
\Gm@layoutwidth=\dimen118
\Gm@layoutheight=\dimen119
\Gm@layouthoffset=\dimen120
\Gm@layoutvoffset=\dimen121
\Gm@dimlist=\toks28
) (/usr/local/texlive/2015/texmf-dist/tex/latex/graphics/color.sty
Package: color 2014/10/28 v1.1a Standard LaTeX Color (DPC)
 (/usr/local/texlive/2015/texmf-dist/tex/latex/latexconfig/color.cfg
File: color.cfg 2007/01/18 v1.5 color configuration of teTeX/TeXLive
)
Package color Info: Driver file: pdftex.def on input line 142.
) (/Users/aengle/Dropbox/UW2015-2016/Win2016/571/hw10/.texpadtmp/hw10.aux)
\openout1 = `hw10.aux'.

LaTeX Font Info:    Checking defaults for OML/cmm/m/it on input line 47.
LaTeX Font Info:    ... okay on input line 47.
LaTeX Font Info:    Checking defaults for T1/cmr/m/n on input line 47.
LaTeX Font Info:    ... okay on input line 47.
LaTeX Font Info:    Checking defaults for OT1/cmr/m/n on input line 47.
LaTeX Font Info:    ... okay on input line 47.
LaTeX Font Info:    Checking defaults for OMS/cmsy/m/n on input line 47.
LaTeX Font Info:    ... okay on input line 47.
LaTeX Font Info:    Checking defaults for OMX/cmex/m/n on input line 47.
LaTeX Font Info:    ... okay on input line 47.
LaTeX Font Info:    Checking defaults for U/cmr/m/n on input line 47.
LaTeX Font Info:    ... okay on input line 47.
LaTeX Font Info:    Try loading font information for OT1+pplx on input line 47.
 (/usr/local/texlive/2015/texmf-dist/tex/latex/psnfss/ot1pplx.fd
File: ot1pplx.fd 2004/09/06 font definitions for OT1/pplx.
) (/usr/local/texlive/2015/texmf-dist/tex/context/base/supp-pdf.mkii
[Loading MPS to PDF converter (version 2006.09.02).]
\scratchcounter=\count105
\scratchdimen=\dimen122
\scratchbox=\box30
\nofMPsegments=\count106
\nofMParguments=\count107
\everyMPshowfont=\toks29
\MPscratchCnt=\count108
\MPscratchDim=\dimen123
\MPnumerator=\count109
\makeMPintoPDFobject=\count110
\everyMPtoPDFconversion=\toks30
) (/usr/local/texlive/2015/texmf-dist/tex/generic/oberdiek/pdftexcmds.sty
Package: pdftexcmds 2011/11/29 v0.20 Utility functions of pdfTeX for LuaTeX (HO)
 (/usr/local/texlive/2015/texmf-dist/tex/generic/oberdiek/ifluatex.sty
Package: ifluatex 2010/03/01 v1.3 Provides the ifluatex switch (HO)
Package ifluatex Info: LuaTeX not detected.
)
Package pdftexcmds Info: LuaTeX not detected.
Package pdftexcmds Info: \pdf@primitive is available.
Package pdftexcmds Info: \pdf@ifprimitive is available.
Package pdftexcmds Info: \pdfdraftmode found.
) (/usr/local/texlive/2015/texmf-dist/tex/latex/oberdiek/epstopdf-base.sty
Package: epstopdf-base 2010/02/09 v2.5 Base part for package epstopdf
 (/usr/local/texlive/2015/texmf-dist/tex/latex/oberdiek/grfext.sty
Package: grfext 2010/08/19 v1.1 Manage graphics extensions (HO)
 (/usr/local/texlive/2015/texmf-dist/tex/generic/oberdiek/kvdefinekeys.sty
Package: kvdefinekeys 2011/04/07 v1.3 Define keys (HO)
)) (/usr/local/texlive/2015/texmf-dist/tex/latex/oberdiek/kvoptions.sty
Package: kvoptions 2011/06/30 v3.11 Key value format for package options (HO)
 (/usr/local/texlive/2015/texmf-dist/tex/generic/oberdiek/kvsetkeys.sty
Package: kvsetkeys 2012/04/25 v1.16 Key value parser (HO)
 (/usr/local/texlive/2015/texmf-dist/tex/generic/oberdiek/etexcmds.sty
Package: etexcmds 2011/02/16 v1.5 Avoid name clashes with e-TeX commands (HO)
Package etexcmds Info: Could not find \expanded.
(etexcmds)             That can mean that you are not using pdfTeX 1.50 or
(etexcmds)             that some package has redefined \expanded.
(etexcmds)             In the latter case, load this package earlier.
)))
Package grfext Info: Graphics extension search list:
(grfext)             [.png,.pdf,.jpg,.mps,.jpeg,.jbig2,.jb2,.PNG,.PDF,.JPG,.JPEG,.JBIG2,.JB2,.eps]
(grfext)             \AppendGraphicsExtensions on input line 452.
 (/usr/local/texlive/2015/texmf-dist/tex/latex/latexconfig/epstopdf-sys.cfg
File: epstopdf-sys.cfg 2010/07/13 v1.3 Configuration of (r)epstopdf for TeX Live
))
*geometry* driver: auto-detecting
*geometry* detected driver: pdftex
*geometry* verbose mode - [ preamble ] result:
* driver: pdftex
* paper: <default>
* layout: <same size as paper>
* layoutoffset:(h,v)=(0.0pt,0.0pt)
* modes: 
* h-part:(L,W,R)=(57.81621pt, 484.2088pt, 72.26999pt)
* v-part:(T,H,B)=(57.81621pt, 664.88379pt, 72.26999pt)
* \paperwidth=614.295pt
* \paperheight=794.96999pt
* \textwidth=484.2088pt
* \textheight=664.88379pt
* \oddsidemargin=-14.45378pt
* \evensidemargin=-14.45378pt
* \topmargin=-51.45378pt
* \headheight=12.0pt
* \headsep=25.0pt
* \topskip=11.0pt
* \footskip=30.0pt
* \marginparwidth=59.0pt
* \marginparsep=10.0pt
* \columnsep=10.0pt
* \skip\footins=10.0pt plus 4.0pt minus 2.0pt
* \hoffset=0.0pt
* \voffset=0.0pt
* \mag=1000
* \@twocolumnfalse
* \@twosidefalse
* \@mparswitchfalse
* \@reversemarginfalse
* (1in=72.27pt=25.4mm, 1cm=28.453pt)

LaTeX Font Info:    Try loading font information for OML+zplm on input line 56.
(/usr/local/texlive/2015/texmf-dist/tex/latex/psnfss/omlzplm.fd
File: omlzplm.fd 2002/09/08 Fontinst v1.914 font definitions for OML/zplm.
)
LaTeX Font Info:    Try loading font information for OMS+zplm on input line 56.
 (/usr/local/texlive/2015/texmf-dist/tex/latex/psnfss/omszplm.fd
File: omszplm.fd 2002/09/08 Fontinst v1.914 font definitions for OMS/zplm.
)
LaTeX Font Info:    Try loading font information for OMX+zplm on input line 56.
 (/usr/local/texlive/2015/texmf-dist/tex/latex/psnfss/omxzplm.fd
File: omxzplm.fd 2002/09/08 Fontinst v1.914 font definitions for OMX/zplm.
)
LaTeX Font Info:    Font shape `U/msa/m/n' will be
(Font)              scaled to size 11.40997pt on input line 56.
LaTeX Font Info:    Font shape `U/msa/m/n' will be
(Font)              scaled to size 8.33606pt on input line 56.
LaTeX Font Info:    Font shape `U/msa/m/n' will be
(Font)              scaled to size 6.25204pt on input line 56.
LaTeX Font Info:    Font shape `U/msb/m/n' will be
(Font)              scaled to size 11.40997pt on input line 56.
LaTeX Font Info:    Font shape `U/msb/m/n' will be
(Font)              scaled to size 8.33606pt on input line 56.
LaTeX Font Info:    Font shape `U/msb/m/n' will be
(Font)              scaled to size 6.25204pt on input line 56.
LaTeX Font Info:    Try loading font information for U+rsfs on input line 56.
 (/usr/local/texlive/2015/texmf-dist/tex/latex/jknapltx/ursfs.fd
File: ursfs.fd 1998/03/24 rsfs font definition file (jk)
)
LaTeX Font Info:    Try loading font information for OT1+zplm on input line 56.
 (/usr/local/texlive/2015/texmf-dist/tex/latex/psnfss/ot1zplm.fd
File: ot1zplm.fd 2002/09/08 Fontinst v1.914 font definitions for OT1/zplm.
)
Underfull \hbox (badness 10000) in paragraph at lines 65--68

 []

<Rplotp21.png, id=1, 1060.96375pt x 518.93875pt>
File: Rplotp21.png Graphic file (type png)
 <use Rplotp21.png>
Package pdftex.def Info: Rplotp21.png used on input line 73.
(pdftex.def)             Requested size: 424.37798pt x 207.57182pt.
 [1

{/usr/local/texlive/2015/texmf-var/fonts/map/pdftex/updmap/pdftex.map} <./Rplotp21.png>] <Rplotp2b1.png, id=14, 552.0625pt x 518.93875pt>
File: Rplotp2b1.png Graphic file (type png)
 <use Rplotp2b1.png>
Package pdftex.def Info: Rplotp2b1.png used on input line 95.
(pdftex.def)             Requested size: 220.82108pt x 207.57182pt.
 <Rplotp2b2.png, id=15, 552.0625pt x 518.93875pt>
File: Rplotp2b2.png Graphic file (type png)
 <use Rplotp2b2.png>
Package pdftex.def Info: Rplotp2b2.png used on input line 96.
(pdftex.def)             Requested size: 220.82108pt x 207.57182pt.
 <Rplotp2b3.png, id=16, 716.6775pt x 518.93875pt>
File: Rplotp2b3.png Graphic file (type png)
 <use Rplotp2b3.png>
Package pdftex.def Info: Rplotp2b3.png used on input line 102.
(pdftex.def)             Requested size: 286.66592pt x 207.57182pt.
 <Rplotp2b4.png, id=17, 597.23125pt x 518.93875pt>
File: Rplotp2b4.png Graphic file (type png)
 <use Rplotp2b4.png>
Package pdftex.def Info: Rplotp2b4.png used on input line 103.
(pdftex.def)             Requested size: 238.88826pt x 207.57182pt.

Overfull \hbox (43.76534pt too wide) in paragraph at lines 102--104
[][] [] 
 []


Underfull \hbox (badness 10000) in paragraph at lines 98--104

 []

[2 <./Rplotp2b1.png> <./Rplotp2b2.png>] <Rplotp2b5.png, id=23, 1051.93pt x 518.93875pt>
File: Rplotp2b5.png Graphic file (type png)
 <use Rplotp2b5.png>
Package pdftex.def Info: Rplotp2b5.png used on input line 107.
(pdftex.def)             Requested size: 420.76454pt x 207.57182pt.
 <Rplotp2b6.png, id=24, 1115.16624pt x 518.93875pt>
File: Rplotp2b6.png Graphic file (type png)
 <use Rplotp2b6.png>
Package pdftex.def Info: Rplotp2b6.png used on input line 108.
(pdftex.def)             Requested size: 446.0586pt x 207.57182pt.

Underfull \hbox (badness 10000) in paragraph at lines 107--109
[][]
 []

<Rplotp2b7.png, id=25, 1072.005pt x 518.93875pt>
File: Rplotp2b7.png Graphic file (type png)
 <use Rplotp2b7.png>
Package pdftex.def Info: Rplotp2b7.png used on input line 111.
(pdftex.def)             Requested size: 428.7944pt x 207.57182pt.
 <Rplotp2b8.png, id=26, 1027.84pt x 518.93875pt>
File: Rplotp2b8.png Graphic file (type png)
 <use Rplotp2b8.png>
Package pdftex.def Info: Rplotp2b8.png used on input line 112.
(pdftex.def)             Requested size: 411.12872pt x 207.57182pt.

Underfull \hbox (badness 10000) in paragraph at lines 111--113
[][]
 []

[3 <./Rplotp2b3.png> <./Rplotp2b4.png>] [4 <./Rplotp2b5.png> <./Rplotp2b6.png>] [5 <./Rplotp2b7.png> <./Rplotp2b8.png>] [6] [7] <Rplot4b0GEE.png, id=52, 561.09625pt x 518.93875pt>
File: Rplot4b0GEE.png Graphic file (type png)
 <use Rplot4b0GEE.png>
Package pdftex.def Info: Rplot4b0GEE.png used on input line 153.
(pdftex.def)             Requested size: 224.43452pt x 207.57182pt.
 <Rplot4b0LMM.png, id=53, 561.09625pt x 518.93875pt>
File: Rplot4b0LMM.png Graphic file (type png)
 <use Rplot4b0LMM.png>
Package pdftex.def Info: Rplot4b0LMM.png used on input line 154.
(pdftex.def)             Requested size: 224.43452pt x 207.57182pt.
 <Rplot4b1GEE.png, id=54, 561.09625pt x 518.93875pt>
File: Rplot4b1GEE.png Graphic file (type png)
 <use Rplot4b1GEE.png>
Package pdftex.def Info: Rplot4b1GEE.png used on input line 155.
(pdftex.def)             Requested size: 224.43452pt x 207.57182pt.
 <Rplot4b1LMM.png, id=55, 561.09625pt x 518.93875pt>
File: Rplot4b1LMM.png Graphic file (type png)
 <use Rplot4b1LMM.png>
Package pdftex.def Info: Rplot4b1LMM.png used on input line 156.
(pdftex.def)             Requested size: 224.43452pt x 207.57182pt.
 <Rplot4b2GEE.png, id=56, 561.09625pt x 518.93875pt>
File: Rplot4b2GEE.png Graphic file (type png)
 <use Rplot4b2GEE.png>
Package pdftex.def Info: Rplot4b2GEE.png used on input line 157.
(pdftex.def)             Requested size: 224.43452pt x 207.57182pt.
 <Rplot4b2LMM.png, id=57, 561.09625pt x 518.93875pt>
File: Rplot4b2LMM.png Graphic file (type png)
 <use Rplot4b2LMM.png>
Package pdftex.def Info: Rplot4b2LMM.png used on input line 158.
(pdftex.def)             Requested size: 224.43452pt x 207.57182pt.

Underfull \hbox (badness 10000) in paragraph at lines 153--159
[][] []
 []


Underfull \hbox (badness 10000) in paragraph at lines 153--159
[] []
 []

[8] [9 <./Rplot4b0GEE.png> <./Rplot4b0LMM.png> <./Rplot4b1GEE.png> <./Rplot4b1LMM.png> <./Rplot4b2GEE.png> <./Rplot4b2LMM.png>]
Underfull \hbox (badness 10000) in paragraph at lines 165--168

 []

<Rplotp5a.png, id=70, 529.98pt x 518.93875pt>
File: Rplotp5a.png Graphic file (type png)
 <use Rplotp5a.png>
Package pdftex.def Info: Rplotp5a.png used on input line 175.
(pdftex.def)             Requested size: 211.98824pt x 207.57182pt.
 <Rplotp5b.png, id=71, 529.98pt x 518.93875pt>
File: Rplotp5b.png Graphic file (type png)
 <use Rplotp5b.png>
Package pdftex.def Info: Rplotp5b.png used on input line 181.
(pdftex.def)             Requested size: 211.98824pt x 207.57182pt.
 [10 <./Rplotp5a.png>]
File: Rplotp5b.png Graphic file (type png)
 <use Rplotp5b.png>
Package pdftex.def Info: Rplotp5b.png used on input line 186.
(pdftex.def)             Requested size: 211.98824pt x 207.57182pt.
 <Rplotp5c.png, id=76, 529.98pt x 518.93875pt>
File: Rplotp5c.png Graphic file (type png)
 <use Rplotp5c.png>
Package pdftex.def Info: Rplotp5c.png used on input line 187.
(pdftex.def)             Requested size: 211.98824pt x 207.57182pt.

Underfull \hbox (badness 10000) in paragraph at lines 192--195

 []

[11 <./Rplotp5b.png> <./Rplotp5c.png>]
LaTeX Font Info:    Try loading font information for U+fplmbb on input line 206.
 (/usr/local/texlive/2015/texmf-dist/tex/latex/psnfss/ufplmbb.fd
File: ufplmbb.fd 2003/10/30 Fontinst v1.914 font definitions for U/fplmbb.
) [12]
Overfull \hbox (38.92178pt too wide) in paragraph at lines 542--542
[]\OT1/cmtt/m/n/10.95 inla1 <- inla(formula1, family="gaussian", data=na.omit(prob2DF), control.fixed=fixedprior,[] 
 []


Overfull \hbox (56.16785pt too wide) in paragraph at lines 542--542
[]\OT1/cmtt/m/n/10.95 main="Posterior E[b_i|Y] and 95% Credible Intervals", xlab="Cluster Index i", ylab="E[b_i|Y]")[] 
 []

[13]
Overfull \hbox (67.66522pt too wide) in paragraph at lines 542--542
[]\OT1/cmtt/m/n/10.95 xtable(round(rbind(inla1$summary.fixed[,c(4,3,5)],1/sqrt(inla1$summary.hyperpar[,c(4,3,5)])),2))[] 
 []


Overfull \hbox (15.92703pt too wide) in paragraph at lines 542--542
[]\OT1/cmtt/m/n/10.95 ordered = order(inla1$summary.random$id[,2]) #just order the posterior means of the b_i[] 
 []


Overfull \hbox (44.67047pt too wide) in paragraph at lines 542--542
[]\OT1/cmtt/m/n/10.95 plot(x,y,ylim=c(min(lower),max(upper)), xlab="qnorm(ppoints(103))", ylab="Ordered E[b_i|Y]")[] 
 []


Overfull \hbox (27.42441pt too wide) in paragraph at lines 542--542
[]     \OT1/cmtt/m/n/10.95 xlab="Precision = 1/Posterior Variance", ylab="Posterior Mean") #WHAT DOES THIS SHOW[] 
 []


Overfull \hbox (337.85355pt too wide) in paragraph at lines 542--542
[]  \OT1/cmtt/m/n/10.95 inlaLOO <- inla(formula1, family="gaussian", data=tempDF, control.fixed=fixedprior, control.family = list(prior="loggamma",param=c(0.1,0.1)))[] 
 []

[14] [15]
Overfull \hbox (4.42966pt too wide) in paragraph at lines 542--542
[]  \OT1/cmtt/m/n/10.95 #model2 = gee(Y~t+X, id=id, data=missing, na.action=na.omit, corstr="exchangeable")[] 
 []

[16]
Overfull \hbox (56.16785pt too wide) in paragraph at lines 542--542
[]\OT1/cmtt/m/n/10.95 main=expression(paste("Histogram of ", hat(beta)[0], " (GEE)")),xlab=expression(hat(beta)[0]))[] 
 []


Overfull \hbox (56.16785pt too wide) in paragraph at lines 542--542
[]\OT1/cmtt/m/n/10.95 main=expression(paste("Histogram of ", hat(beta)[1], " (GEE)")),xlab=expression(hat(beta)[1]))[] 
 []

[17]
Overfull \hbox (56.16785pt too wide) in paragraph at lines 542--542
[]\OT1/cmtt/m/n/10.95 main=expression(paste("Histogram of ", hat(beta)[2], " (GEE)")),xlab=expression(hat(beta)[2]))[] 
 []


Overfull \hbox (56.16785pt too wide) in paragraph at lines 542--542
[]\OT1/cmtt/m/n/10.95 main=expression(paste("Histogram of ", hat(beta)[0], " (LMM)")),xlab=expression(hat(beta)[0]))[] 
 []


Overfull \hbox (56.16785pt too wide) in paragraph at lines 542--542
[]\OT1/cmtt/m/n/10.95 main=expression(paste("Histogram of ", hat(beta)[1], " (LMM)")),xlab=expression(hat(beta)[1]))[] 
 []


Overfull \hbox (56.16785pt too wide) in paragraph at lines 542--542
[]\OT1/cmtt/m/n/10.95 main=expression(paste("Histogram of ", hat(beta)[2], " (LMM)")),xlab=expression(hat(beta)[2]))[] 
 []


Overfull \hbox (67.66522pt too wide) in paragraph at lines 542--542
[]  \OT1/cmtt/m/n/10.95 prob5DF = data.frame(Y = unlist(Y), X = unlist(XList), Z=rep(Z,each=ni), id=rep(1:n, each=ni))[] 
 []

[18]
Overfull \hbox (10.17834pt too wide) in paragraph at lines 542--542
[]   \OT1/cmtt/m/n/10.95 list( b0=seq(0,1,l=103), beta0=-2, beta1=0.5, beta2=0, beta3=1, taub=0.5, tauY=1.5)[] 
 []


Overfull \hbox (21.67572pt too wide) in paragraph at lines 542--542
[]             \OT1/cmtt/m/n/10.95 variable.names = c("b0", "beta0","beta1","beta2", "beta3", "taub", "tauY"),[] 
 []


Overfull \hbox (234.37717pt too wide) in paragraph at lines 542--542
[]    \OT1/cmtt/m/n/10.95 fitted[i,j] = chain1[indices[j],temp[i,1]] + chain1[indices[j],104:107]%*%unlist(c(1,temp[i,c(4,2)],temp[i,4]*temp[i,2]))[] 
 []


Overfull \hbox (130.90079pt too wide) in paragraph at lines 542--542
[]\OT1/cmtt/m/n/10.95 plot(fitted,resid,col=rgb(0,0,0,alpha=0.1),main="Post. Resid. vs. Fitted for 100 Well-Spaced MCMC Samples")[] 
 []


Overfull \hbox (504.56549pt too wide) in paragraph at lines 542--542
[]\OT1/cmtt/m/n/10.95 plot(fitted(lmer1),residuals(lmer1,type="pearson"),ylim=c(-75,75),xlim=c(145,400),main="Residuals vs Fitted, LMM", ylab="Pearson Residuals (level 1)", xlab="Fitted Values")[] 
 []

[19] [20] (/Users/aengle/Dropbox/UW2015-2016/Win2016/571/hw10/.texpadtmp/hw10.aux) ) 
Here is how much of TeX's memory you used:
 3839 strings out of 493089
 52333 string characters out of 6134842
 219426 words of memory out of 5000000
 7170 multiletter control sequences out of 15000+600000
 24967 words of font info for 80 fonts, out of 8000000 for 9000
 1141 hyphenation exceptions out of 8191
 38i,13n,32p,1243b,375s stack positions out of 5000i,500n,10000p,200000b,80000s
{/usr/local/texlive/2015/texmf-dist/fonts/enc/dvips/base/8r.enc}</usr/local/texlive/2015/texmf-dist/fonts/type1/public/amsfonts/cm/cmex10.pfb></usr/local/texlive/2015/texmf-dist/fonts/type1/public/amsfonts/cm/cmmi10.pfb></usr/local/texlive/2015/texmf-dist/fonts/type1/public/amsfonts/cm/cmmib10.pfb></usr/local/texlive/2015/texmf-dist/fonts/type1/public/amsfonts/cm/cmr10.pfb></usr/local/texlive/2015/texmf-dist/fonts/type1/public/amsfonts/cm/cmsy10.pfb></usr/local/texlive/2015/texmf-dist/fonts/type1/public/amsfonts/cm/cmtt10.pfb></usr/local/texlive/2015/texmf-dist/fonts/type1/public/mathpazo/fplmbb.pfb></usr/local/texlive/2015/texmf-dist/fonts/type1/public/mathpazo/fplmr.pfb></usr/local/texlive/2015/texmf-dist/fonts/type1/public/mathpazo/fplmri.pfb></usr/local/texlive/2015/texmf-dist/fonts/type1/urw/palatino/uplr8a.pfb></usr/local/texlive/2015/texmf-dist/fonts/type1/urw/palatino/uplri8a.pfb>
Output written on /Users/aengle/Dropbox/UW2015-2016/Win2016/571/hw10/.texpadtmp/hw10.pdf (20 pages, 713421 bytes).
PDF statistics:
 151 PDF objects out of 1000 (max. 8388607)
 81 compressed objects within 1 object stream
 0 named destinations out of 1000 (max. 500000)
 91 words of extra memory for PDF output out of 10000 (max. 10000000)

